2025-04-26 13:18:56,350 - INFO - Application started
2025-04-26 13:19:08,564 - INFO - Selected folder: E:/DA 05/New folder
2025-04-26 13:19:37,690 - INFO - Selected folder: E:/DA 05/DA 05_GEOTAGGED PICS/New folder
2025-04-26 13:20:22,776 - INFO - Successfully renamed: Geocam_20-03-2025_104558_data.jpg -> 6283.jpg
2025-04-26 13:20:22,790 - INFO - Successfully renamed: Geocam_20-03-2025_104638_data.jpg -> 6284.jpg
2025-04-26 13:20:22,803 - INFO - Successfully renamed: Geocam_20-03-2025_104943_data.jpg -> 6285.jpg
2025-04-26 13:20:22,818 - INFO - Successfully renamed: Geocam_20-03-2025_104949_data.jpg -> 6286.jpg
2025-04-26 13:20:22,833 - INFO - Successfully renamed: Geocam_20-03-2025_104957_data.jpg -> 6287.jpg
2025-04-26 13:20:22,848 - INFO - Successfully renamed: Geocam_20-03-2025_105000_data.jpg -> 6288.jpg
2025-04-26 13:20:22,862 - INFO - Successfully renamed: Geocam_20-03-2025_105004_data.jpg -> 6289.jpg
2025-04-26 13:20:22,875 - INFO - Successfully renamed: Geocam_20-03-2025_105037_data.jpg -> 6290.jpg
2025-04-26 13:20:22,890 - INFO - Successfully renamed: Geocam_20-03-2025_105054_data.jpg -> 6291.jpg
2025-04-26 13:20:22,904 - INFO - Successfully renamed: Geocam_20-03-2025_105116_data.jpg -> 6292.jpg
2025-04-26 13:20:23,101 - INFO - Image list refreshed
2025-04-26 13:21:00,682 - INFO - Successfully renamed: Geocam_20-03-2025_105121_data.jpg -> 6293.jpg
2025-04-26 13:21:00,696 - INFO - Successfully renamed: Geocam_20-03-2025_105146_data.jpg -> 6294.jpg
2025-04-26 13:21:00,708 - INFO - Successfully renamed: Geocam_20-03-2025_105152_data.jpg -> 6295.jpg
2025-04-26 13:21:00,721 - INFO - Successfully renamed: Geocam_20-03-2025_105156_data.jpg -> 6296.jpg
2025-04-26 13:21:00,735 - INFO - Successfully renamed: Geocam_20-03-2025_105200_data.jpg -> 6297.jpg
2025-04-26 13:21:00,748 - INFO - Successfully renamed: Geocam_20-03-2025_105253_data.jpg -> 6298.jpg
2025-04-26 13:21:00,763 - INFO - Successfully renamed: Geocam_20-03-2025_105336_data.jpg -> 6299.jpg
2025-04-26 13:21:00,777 - INFO - Successfully renamed: Geocam_20-03-2025_105341_data.jpg -> 6300.jpg
2025-04-26 13:21:00,793 - INFO - Successfully renamed: Geocam_20-03-2025_105412_data.jpg -> 6301.jpg
2025-04-26 13:21:00,807 - INFO - Successfully renamed: Geocam_20-03-2025_105420_data.jpg -> 6302.jpg
2025-04-26 13:21:01,001 - INFO - Image list refreshed
2025-04-26 13:22:37,986 - INFO - Successfully renamed: Geocam_20-03-2025_105444_data.jpg -> 6303.jpg
2025-04-26 13:22:38,001 - INFO - Successfully renamed: Geocam_20-03-2025_105448_data.jpg -> 6304.jpg
2025-04-26 13:22:38,015 - INFO - Successfully renamed: Geocam_20-03-2025_105456_data.jpg -> 6305.jpg
2025-04-26 13:22:38,030 - INFO - Successfully renamed: Geocam_20-03-2025_105734_data.jpg -> 6306.jpg
2025-04-26 13:22:38,046 - INFO - Successfully renamed: Geocam_20-03-2025_105747_data.jpg -> 6307.jpg
2025-04-26 13:22:38,061 - INFO - Successfully renamed: Geocam_20-03-2025_105758_data.jpg -> 6308.jpg
2025-04-26 13:22:38,075 - INFO - Successfully renamed: Geocam_20-03-2025_105808_data.jpg -> 6309.jpg
2025-04-26 13:22:38,087 - INFO - Successfully renamed: Geocam_20-03-2025_105818_data.jpg -> 6310.jpg
2025-04-26 13:22:38,104 - INFO - Successfully renamed: Geocam_20-03-2025_105827_data.jpg -> 6311.jpg
2025-04-26 13:22:38,119 - INFO - Successfully renamed: Geocam_20-03-2025_105832_data.jpg -> 6312.jpg
2025-04-26 13:22:38,134 - INFO - Successfully renamed: Geocam_20-03-2025_105838_data.jpg -> 6313.jpg
2025-04-26 13:22:38,669 - INFO - Successfully renamed: Geocam_20-03-2025_105850_data.jpg -> 6314.jpg
2025-04-26 13:22:38,830 - INFO - Successfully renamed: Geocam_20-03-2025_105855_data.jpg -> 6315.jpg
2025-04-26 13:22:38,988 - INFO - Successfully renamed: Geocam_20-03-2025_105918_data.jpg -> 6316.jpg
2025-04-26 13:22:39,002 - INFO - Successfully renamed: Geocam_20-03-2025_105924_data.jpg -> 6317.jpg
2025-04-26 13:22:39,018 - INFO - Successfully renamed: Geocam_20-03-2025_105929_data.jpg -> 6318.jpg
2025-04-26 13:22:39,031 - INFO - Successfully renamed: Geocam_20-03-2025_105942_data.jpg -> 6319.jpg
2025-04-26 13:22:39,046 - INFO - Successfully renamed: Geocam_20-03-2025_105950_data.jpg -> 6320.jpg
2025-04-26 13:22:39,062 - INFO - Successfully renamed: Geocam_20-03-2025_110000_data.jpg -> 6321.jpg
2025-04-26 13:22:39,076 - INFO - Successfully renamed: Geocam_20-03-2025_110059_data.jpg -> 6322.jpg
2025-04-26 13:22:39,293 - INFO - Image list refreshed
2025-04-26 13:23:45,517 - INFO - Successfully renamed: Geocam_20-03-2025_110105_data.jpg -> 6323.jpg
2025-04-26 13:23:45,531 - INFO - Successfully renamed: Geocam_20-03-2025_110110_data.jpg -> 6324.jpg
2025-04-26 13:23:45,546 - INFO - Successfully renamed: Geocam_20-03-2025_110121_data.jpg -> 6325.jpg
2025-04-26 13:23:45,558 - INFO - Successfully renamed: Geocam_20-03-2025_110126_data.jpg -> 6326.jpg
2025-04-26 13:23:45,574 - INFO - Successfully renamed: Geocam_20-03-2025_110133_data.jpg -> 6327.jpg
2025-04-26 13:23:45,589 - INFO - Successfully renamed: Geocam_20-03-2025_110140_data.jpg -> 6328.jpg
2025-04-26 13:23:45,603 - INFO - Successfully renamed: Geocam_20-03-2025_110143_data.jpg -> 6329.jpg
2025-04-26 13:23:45,615 - INFO - Successfully renamed: Geocam_20-03-2025_110201_data.jpg -> 6330.jpg
2025-04-26 13:23:45,631 - INFO - Successfully renamed: Geocam_20-03-2025_110226_data.jpg -> 6331.jpg
2025-04-26 13:23:45,644 - INFO - Successfully renamed: Geocam_20-03-2025_110235_data.jpg -> 6332.jpg
2025-04-26 13:23:45,656 - INFO - Successfully renamed: Geocam_20-03-2025_110244_data.jpg -> 6333.jpg
2025-04-26 13:23:45,669 - INFO - Successfully renamed: Geocam_20-03-2025_110300_data.jpg -> 6334.jpg
2025-04-26 13:23:45,682 - INFO - Successfully renamed: Geocam_20-03-2025_110305_data.jpg -> 6335.jpg
2025-04-26 13:23:45,696 - INFO - Successfully renamed: Geocam_20-03-2025_110318_data.jpg -> 6336.jpg
2025-04-26 13:23:45,709 - INFO - Successfully renamed: Geocam_20-03-2025_110322_data.jpg -> 6337.jpg
2025-04-26 13:23:45,723 - INFO - Successfully renamed: Geocam_20-03-2025_110327_data.jpg -> 6338.jpg
2025-04-26 13:23:45,736 - INFO - Successfully renamed: Geocam_20-03-2025_110346_data.jpg -> 6339.jpg
2025-04-26 13:23:45,748 - INFO - Successfully renamed: Geocam_20-03-2025_110358_data.jpg -> 6340.jpg
2025-04-26 13:23:45,759 - INFO - Successfully renamed: Geocam_20-03-2025_110408_data.jpg -> 6341.jpg
2025-04-26 13:23:45,771 - INFO - Successfully renamed: Geocam_20-03-2025_110413_data.jpg -> 6342.jpg
2025-04-26 13:23:45,971 - INFO - Image list refreshed
2025-04-26 13:35:47,479 - INFO - Application started
2025-04-26 13:35:56,626 - INFO - Selected folder: E:/DA 05/DA 05_GEOTAGGED PICS/New folder
2025-04-26 13:38:45,443 - INFO - Application started
2025-04-26 13:38:50,563 - INFO - Selected folder: E:/DA 05/DA 05_GEOTAGGED PICS/New folder
2025-04-26 13:41:56,475 - INFO - Application started
2025-04-26 13:42:01,252 - INFO - Selected folder: E:/DA 05/DA 05_GEOTAGGED PICS/New folder
2025-04-26 13:43:08,251 - INFO - Successfully renamed: Geocam_20-03-2025_110418_data.jpg -> 6343.jpg
2025-04-26 13:43:08,277 - INFO - Successfully renamed: Geocam_20-03-2025_110436_data.jpg -> 6344.jpg
2025-04-26 13:43:08,290 - INFO - Successfully renamed: Geocam_20-03-2025_110443_data.jpg -> 6345.jpg
2025-04-26 13:43:08,630 - INFO - Successfully renamed: Geocam_20-03-2025_110555_data.jpg -> 6346.jpg
2025-04-26 13:43:08,641 - INFO - Successfully renamed: Geocam_20-03-2025_110604_data.jpg -> 6347.jpg
2025-04-26 13:43:08,651 - INFO - Successfully renamed: Geocam_20-03-2025_110612_data.jpg -> 6348.jpg
2025-04-26 13:43:08,663 - INFO - Successfully renamed: Geocam_20-03-2025_110623_data.jpg -> 6349.jpg
2025-04-26 13:43:08,674 - INFO - Successfully renamed: Geocam_20-03-2025_110701_data.jpg -> 6350.jpg
2025-04-26 13:43:08,685 - INFO - Successfully renamed: Geocam_20-03-2025_110707_data.jpg -> 6351.jpg
2025-04-26 13:43:08,698 - INFO - Successfully renamed: Geocam_20-03-2025_110713_data.jpg -> 6352.jpg
2025-04-26 13:43:08,923 - INFO - Image list refreshed
2025-04-26 13:43:48,170 - INFO - Successfully renamed: Geocam_20-03-2025_110728_data.jpg -> 6353.jpg
2025-04-26 13:43:48,182 - INFO - Successfully renamed: Geocam_20-03-2025_110732_data.jpg -> 6354.jpg
2025-04-26 13:43:48,192 - INFO - Successfully renamed: Geocam_20-03-2025_110741_data.jpg -> 6355.jpg
2025-04-26 13:43:48,203 - INFO - Successfully renamed: Geocam_20-03-2025_110747_data.jpg -> 6356.jpg
2025-04-26 13:43:48,218 - INFO - Successfully renamed: Geocam_20-03-2025_110808_data.jpg -> 6357.jpg
2025-04-26 13:43:48,231 - INFO - Successfully renamed: Geocam_20-03-2025_110814_data.jpg -> 6358.jpg
2025-04-26 13:43:48,247 - INFO - Successfully renamed: Geocam_20-03-2025_110825_data.jpg -> 6359.jpg
2025-04-26 13:43:48,260 - INFO - Successfully renamed: Geocam_20-03-2025_110837_data.jpg -> 6360.jpg
2025-04-26 13:43:48,272 - INFO - Successfully renamed: Geocam_20-03-2025_110851_data.jpg -> 6361.jpg
2025-04-26 13:43:48,284 - INFO - Successfully renamed: Geocam_20-03-2025_110910_data.jpg -> 6362.jpg
2025-04-26 13:43:48,512 - INFO - Image list refreshed
2025-04-26 13:46:14,236 - INFO - Successfully renamed: Geocam_20-03-2025_110915_data.jpg -> 6363.jpg
2025-04-26 13:46:14,263 - INFO - Successfully renamed: Geocam_20-03-2025_110924_data.jpg -> 6364.jpg
2025-04-26 13:46:14,279 - INFO - Successfully renamed: Geocam_20-03-2025_110940_data.jpg -> 6365.jpg
2025-04-26 13:46:14,291 - INFO - Successfully renamed: Geocam_20-03-2025_110959_data.jpg -> 6366.jpg
2025-04-26 13:46:14,305 - INFO - Successfully renamed: Geocam_20-03-2025_111003_data.jpg -> 6367.jpg
2025-04-26 13:46:14,318 - INFO - Successfully renamed: Geocam_20-03-2025_111011_data.jpg -> 6368.jpg
2025-04-26 13:46:14,332 - INFO - Successfully renamed: Geocam_20-03-2025_111017_data.jpg -> 6369.jpg
2025-04-26 13:46:14,344 - INFO - Successfully renamed: Geocam_20-03-2025_111046_data.jpg -> 6370.jpg
2025-04-26 13:46:14,356 - INFO - Successfully renamed: Geocam_20-03-2025_111055_data.jpg -> 6371.jpg
2025-04-26 13:46:14,369 - INFO - Successfully renamed: Geocam_20-03-2025_111119_data.jpg -> 6373.jpg
2025-04-26 13:46:14,383 - INFO - Successfully renamed: Geocam_20-03-2025_111132_data.jpg -> 6374.jpg
2025-04-26 13:46:14,396 - INFO - Successfully renamed: Geocam_20-03-2025_111154_data.jpg -> 6375.jpg
2025-04-26 13:46:14,408 - INFO - Successfully renamed: Geocam_20-03-2025_111202_data.jpg -> 6376.jpg
2025-04-26 13:46:14,422 - INFO - Successfully renamed: Geocam_20-03-2025_111227_data.jpg -> 6377.jpg
2025-04-26 13:46:14,435 - INFO - Successfully renamed: Geocam_20-03-2025_111239_data.jpg -> 6378.jpg
2025-04-26 13:46:14,448 - INFO - Successfully renamed: Geocam_20-03-2025_111256_data.jpg -> 6379.jpg
2025-04-26 13:46:14,462 - INFO - Successfully renamed: Geocam_20-03-2025_111302_data.jpg -> 6380.jpg
2025-04-26 13:46:14,803 - INFO - Successfully renamed: Geocam_20-03-2025_111309_data.jpg -> 6381.jpg
2025-04-26 13:46:14,815 - INFO - Successfully renamed: Geocam_20-03-2025_111316_data.jpg -> 6382.jpg
2025-04-26 13:46:15,040 - INFO - Image list refreshed
2025-04-26 13:46:28,877 - INFO - Successfully renamed: Geocam_20-03-2025_111100_data.jpg -> 6372.jpg
2025-04-26 13:46:29,075 - INFO - Image list refreshed
2025-04-26 13:47:40,658 - INFO - Successfully renamed: Geocam_20-03-2025_111324_data.jpg -> 6383.jpg
2025-04-26 13:47:40,686 - INFO - Successfully renamed: Geocam_20-03-2025_111339_data.jpg -> 6384.jpg
2025-04-26 13:47:40,698 - INFO - Successfully renamed: Geocam_20-03-2025_111345_data.jpg -> 6385.jpg
2025-04-26 13:47:40,711 - INFO - Successfully renamed: Geocam_20-03-2025_111353_data.jpg -> 6386.jpg
2025-04-26 13:47:40,725 - INFO - Successfully renamed: Geocam_20-03-2025_111359_data.jpg -> 6387.jpg
2025-04-26 13:47:40,737 - INFO - Successfully renamed: Geocam_20-03-2025_111409_data.jpg -> 6388.jpg
2025-04-26 13:47:40,751 - INFO - Successfully renamed: Geocam_20-03-2025_111414_data.jpg -> 6389.jpg
2025-04-26 13:47:40,763 - INFO - Successfully renamed: Geocam_20-03-2025_111420_data.jpg -> 6390.jpg
2025-04-26 13:47:40,777 - INFO - Successfully renamed: Geocam_20-03-2025_111428_data.jpg -> 6391.jpg
2025-04-26 13:47:40,793 - INFO - Successfully renamed: Geocam_20-03-2025_111437_data.jpg -> 6392.jpg
2025-04-26 13:47:41,012 - INFO - Image list refreshed
2025-04-26 13:48:15,082 - INFO - Successfully renamed: Geocam_20-03-2025_111450_data.jpg -> 6393.jpg
2025-04-26 13:48:15,094 - INFO - Successfully renamed: Geocam_20-03-2025_111458_data.jpg -> 6394.jpg
2025-04-26 13:48:15,109 - INFO - Successfully renamed: Geocam_20-03-2025_111507_data.jpg -> 6395.jpg
2025-04-26 13:48:15,124 - INFO - Successfully renamed: Geocam_20-03-2025_111514_data.jpg -> 6396.jpg
2025-04-26 13:48:15,137 - INFO - Successfully renamed: Geocam_20-03-2025_111521_data.jpg -> 6397.jpg
2025-04-26 13:48:15,152 - INFO - Successfully renamed: Geocam_20-03-2025_111533_data.jpg -> 6398.jpg
2025-04-26 13:48:15,167 - INFO - Successfully renamed: Geocam_20-03-2025_111539_data.jpg -> 6399.jpg
2025-04-26 13:48:15,179 - INFO - Successfully renamed: Geocam_20-03-2025_111547_data.jpg -> 6400.jpg
2025-04-26 13:48:15,371 - INFO - Image list refreshed
2025-04-26 13:51:54,165 - INFO - Application started
2025-04-26 13:52:01,129 - INFO - Selected folder: E:/DA 05/DA 05_GEOTAGGED PICS
2025-04-26 14:29:01,540 - INFO - Application started
2025-04-26 14:29:06,643 - INFO - Selected folder: E:/DA 05/DA 05_GEOTAGGED PICS/New folder
2025-04-26 14:32:18,560 - INFO - Application started
2025-04-26 14:32:36,848 - INFO - Application started
2025-04-26 14:32:43,912 - INFO - Selected folder: C:/Users/Ron Michael Comia/Pictures/Screenshots
