2025-04-28 09:07:30,933 - INFO - Application started
2025-04-28 09:07:40,184 - INFO - Selected folder: C:/Users/Ron Michael Comia/Pictures/Screenshots
2025-04-28 09:07:43,721 - INFO - Successfully renamed: 123.png -> 1.png
2025-04-28 09:07:43,880 - INFO - Image list refreshed
2025-04-28 09:07:50,966 - INFO - Image list refreshed
2025-04-28 09:07:51,606 - INFO - Image list refreshed
2025-04-28 09:11:06,332 - INFO - Image list refreshed
2025-04-28 09:11:07,072 - INFO - Image list refreshed
2025-04-28 09:14:33,697 - INFO - Application started
2025-04-28 09:14:45,796 - INFO - Selected folder: C:/Users/Ron Michael Comia/Pictures/Screenshots
2025-04-28 09:14:50,489 - INFO - Image list refreshed
2025-04-28 09:15:06,185 - INFO - Successfully renamed: Screenshot 2025-04-12 105757.png -> 23.png
2025-04-28 09:15:06,353 - INFO - Image list refreshed
2025-04-28 09:15:16,042 - INFO - Image list refreshed
2025-04-28 09:15:19,008 - INFO - Cleared all rename entries
2025-04-28 09:15:24,347 - INFO - Image list refreshed
2025-04-28 09:15:26,519 - INFO - Cleared all rename entries
2025-04-28 09:19:02,312 - INFO - Application started
2025-04-28 09:19:08,651 - INFO - Selected folder: C:/Users/Ron Michael Comia/Pictures/Screenshots
2025-04-28 09:19:12,591 - INFO - Successfully renamed: Screenshot 2025-03-24 152527.png -> 33.png
2025-04-28 09:19:12,760 - INFO - Image list refreshed
2025-04-28 09:19:17,870 - INFO - Renamed existing file to: 33(1).png
2025-04-28 09:19:17,871 - INFO - Successfully renamed: Screenshot 2025-04-04 134939.png -> 33.png
2025-04-28 09:19:18,032 - INFO - Image list refreshed
2025-04-28 09:22:37,429 - INFO - Application started
2025-04-28 09:22:41,172 - INFO - Selected folder: C:/Users/Ron Michael Comia/Pictures/Screenshots
2025-04-28 09:22:43,883 - INFO - Successfully renamed: 33.png -> 33.png
2025-04-28 09:22:44,041 - INFO - Image list refreshed
2025-04-28 09:22:50,135 - INFO - Renamed existing file to: 33(2).png
2025-04-28 09:22:50,148 - INFO - Successfully renamed: Screenshot 2025-04-04 134949.png -> 33.png
2025-04-28 09:22:50,314 - INFO - Image list refreshed
2025-04-28 09:23:09,154 - INFO - Successfully renamed: Screenshot 2025-04-23 115354.png -> 1111.png
2025-04-28 09:23:09,155 - INFO - Successfully renamed: Screenshot 2025-04-25 151833.png -> 1112.png
2025-04-28 09:23:09,155 - INFO - Successfully renamed: Screenshot 2025-04-25 152038.png -> 1113.png
2025-04-28 09:23:09,257 - INFO - Image list refreshed
2025-04-28 09:23:31,559 - INFO - Renamed existing file to: 1111(1).png
2025-04-28 09:23:31,560 - INFO - Renamed existing file to: 1112(1).png
2025-04-28 09:23:31,560 - INFO - Renamed existing file to: 1113(1).png
2025-04-28 09:23:31,576 - INFO - Successfully renamed: Screenshot 2025-04-10 084506.png -> 1111.png
2025-04-28 09:23:31,576 - INFO - Successfully renamed: Screenshot 2025-04-10 090555.png -> 1112.png
2025-04-28 09:23:31,577 - INFO - Successfully renamed: Screenshot 2025-04-10 154618.png -> 1113.png
2025-04-28 09:23:31,681 - INFO - Image list refreshed
2025-04-28 10:06:48,769 - INFO - Application started
2025-04-28 10:13:52,374 - INFO - Application started
2025-04-28 10:13:57,141 - INFO - Selected folder: C:/Users/Ron Michael Comia/Pictures/Screenshots
2025-04-28 10:13:58,796 - INFO - Saved rename for 1.png: 
2025-04-28 10:13:59,324 - INFO - Saved rename for 1111(2).png: 
2025-04-28 10:13:59,652 - INFO - Saved rename for 1111.png: 
2025-04-28 10:13:59,836 - INFO - Saved rename for 1112(1).png: 
2025-04-28 10:14:00,044 - INFO - Saved rename for 1112(2).png: 
2025-04-28 10:14:00,228 - INFO - Saved rename for 1112.png: 
2025-04-28 10:14:00,452 - INFO - Saved rename for 1113(1).png: 
2025-04-28 10:14:00,644 - INFO - Saved rename for 1113(2).png: 
2025-04-28 10:14:00,876 - INFO - Saved rename for 1113.png: 
2025-04-28 10:14:01,076 - INFO - Saved rename for 33(1).png: 
2025-04-28 10:14:01,283 - INFO - Saved rename for 33(2).png: 
2025-04-28 10:14:01,748 - INFO - Saved rename for 33.png: 
2025-04-28 10:14:01,941 - INFO - Saved rename for Screenshot 2025-04-07 112159.png: 
2025-04-28 10:14:02,141 - INFO - Saved rename for Screenshot 2025-04-25 152122.png: 
2025-04-28 10:14:02,340 - INFO - Saved rename for Screenshot 2025-04-25 152129.png: 
2025-04-28 10:14:02,789 - INFO - Saved rename for Screenshot 2025-04-25 163424.png: 
2025-04-28 10:14:02,989 - INFO - Saved rename for Screenshot 2025-04-25 152129.png: 
2025-04-28 10:14:03,131 - INFO - Saved rename for Screenshot 2025-04-25 152122.png: 
2025-04-28 10:14:03,308 - INFO - Saved rename for Screenshot 2025-04-07 112159.png: 
2025-04-28 10:14:03,451 - INFO - Saved rename for 33.png: 
2025-04-28 10:14:03,636 - INFO - Saved rename for 33(2).png: 
2025-04-28 10:14:03,812 - INFO - Saved rename for 33(1).png: 
2025-04-28 10:14:03,980 - INFO - Saved rename for 1113.png: 
2025-04-28 10:14:04,156 - INFO - Saved rename for 1113(2).png: 
2025-04-28 10:14:04,324 - INFO - Saved rename for 1113(1).png: 
2025-04-28 10:14:04,492 - INFO - Saved rename for 1112.png: 
2025-04-28 10:16:50,913 - INFO - Application started
2025-04-28 10:16:54,954 - INFO - Selected folder: C:/Users/Ron Michael Comia/Pictures/Screenshots
2025-04-28 10:16:56,475 - INFO - Saved rename for 1.png: 
2025-04-28 10:16:56,872 - INFO - Saved rename for 1111(2).png: 
2025-04-28 10:16:57,136 - INFO - Saved rename for 1111.png: 
2025-04-28 10:16:57,296 - INFO - Saved rename for 1112(1).png: 
2025-04-28 10:26:32,706 - INFO - Application started
2025-04-28 10:26:34,928 - INFO - Application started
2025-04-28 10:27:12,454 - INFO - Application started
2025-04-28 10:34:29,764 - INFO - Application started
2025-04-28 10:34:29,814 - DEBUG - STREAM b'IHDR' 16 13
2025-04-28 10:34:29,814 - DEBUG - STREAM b'iCCP' 41 2582
2025-04-28 10:34:29,814 - DEBUG - iCCP profile name b'icc'
2025-04-28 10:34:29,814 - DEBUG - Compression method 0
2025-04-28 10:34:29,814 - DEBUG - STREAM b'pHYs' 2635 9
2025-04-28 10:34:29,814 - DEBUG - STREAM b'IDAT' 2656 8192
2025-04-28 10:34:29,815 - DEBUG - STREAM b'IHDR' 16 13
2025-04-28 10:34:29,815 - DEBUG - STREAM b'iCCP' 41 2582
2025-04-28 10:34:29,815 - DEBUG - iCCP profile name b'icc'
2025-04-28 10:34:29,815 - DEBUG - Compression method 0
2025-04-28 10:34:29,815 - DEBUG - STREAM b'pHYs' 2635 9
2025-04-28 10:34:29,815 - DEBUG - STREAM b'IDAT' 2656 8192
2025-04-28 10:34:29,839 - DEBUG - STREAM b'IHDR' 16 13
2025-04-28 10:34:29,839 - DEBUG - STREAM b'iCCP' 41 2582
2025-04-28 10:34:29,839 - DEBUG - iCCP profile name b'icc'
2025-04-28 10:34:29,839 - DEBUG - Compression method 0
2025-04-28 10:34:29,839 - DEBUG - STREAM b'pHYs' 2635 9
2025-04-28 10:34:29,839 - DEBUG - STREAM b'IDAT' 2656 8192
2025-04-28 10:34:29,841 - DEBUG - STREAM b'IHDR' 16 13
2025-04-28 10:34:29,841 - DEBUG - STREAM b'iCCP' 41 2582
2025-04-28 10:34:29,841 - DEBUG - iCCP profile name b'icc'
2025-04-28 10:34:29,841 - DEBUG - Compression method 0
2025-04-28 10:34:29,841 - DEBUG - STREAM b'pHYs' 2635 9
2025-04-28 10:34:29,841 - DEBUG - STREAM b'IDAT' 2656 8192
2025-04-28 10:34:36,560 - DEBUG - STREAM b'IHDR' 16 13
2025-04-28 10:34:36,560 - DEBUG - STREAM b'sRGB' 41 1
2025-04-28 10:34:36,560 - DEBUG - STREAM b'gAMA' 54 4
2025-04-28 10:34:36,560 - DEBUG - STREAM b'pHYs' 70 9
2025-04-28 10:34:36,560 - DEBUG - STREAM b'IDAT' 91 65445
2025-04-28 10:34:36,561 - DEBUG - STREAM b'IHDR' 16 13
2025-04-28 10:34:36,561 - DEBUG - STREAM b'IDAT' 41 10777
2025-04-28 10:34:36,561 - DEBUG - STREAM b'IHDR' 16 13
2025-04-28 10:34:36,561 - DEBUG - STREAM b'IDAT' 41 65536
2025-04-28 10:34:36,561 - DEBUG - STREAM b'IHDR' 16 13
2025-04-28 10:34:36,561 - DEBUG - STREAM b'sRGB' 41 1
2025-04-28 10:34:36,561 - DEBUG - STREAM b'gAMA' 54 4
2025-04-28 10:34:36,562 - DEBUG - STREAM b'pHYs' 70 9
2025-04-28 10:34:36,562 - DEBUG - STREAM b'IDAT' 91 1206
2025-04-28 10:34:36,562 - DEBUG - STREAM b'IHDR' 16 13
2025-04-28 10:34:36,562 - DEBUG - STREAM b'IDAT' 41 23096
2025-04-28 10:34:36,562 - DEBUG - STREAM b'IHDR' 16 13
2025-04-28 10:34:36,562 - DEBUG - STREAM b'IDAT' 41 7901
2025-04-28 10:34:36,562 - DEBUG - STREAM b'IHDR' 16 13
2025-04-28 10:34:36,562 - DEBUG - STREAM b'sRGB' 41 1
2025-04-28 10:34:36,562 - DEBUG - STREAM b'gAMA' 54 4
2025-04-28 10:34:36,562 - DEBUG - STREAM b'pHYs' 70 9
2025-04-28 10:34:36,562 - DEBUG - STREAM b'IDAT' 91 20911
2025-04-28 10:34:36,563 - DEBUG - STREAM b'IHDR' 16 13
2025-04-28 10:34:36,563 - DEBUG - STREAM b'IDAT' 41 25693
2025-04-28 10:34:36,563 - DEBUG - STREAM b'IHDR' 16 13
2025-04-28 10:34:36,563 - DEBUG - STREAM b'IDAT' 41 34000
2025-04-28 10:34:36,563 - DEBUG - STREAM b'IHDR' 16 13
2025-04-28 10:34:36,563 - DEBUG - STREAM b'IDAT' 41 65536
2025-04-28 10:34:36,563 - DEBUG - STREAM b'IHDR' 16 13
2025-04-28 10:34:36,563 - DEBUG - STREAM b'IDAT' 41 14623
2025-04-28 10:34:36,563 - DEBUG - STREAM b'IHDR' 16 13
2025-04-28 10:34:36,564 - DEBUG - STREAM b'IDAT' 41 22765
2025-04-28 10:34:36,564 - DEBUG - STREAM b'IHDR' 16 13
2025-04-28 10:34:36,564 - DEBUG - STREAM b'IDAT' 41 9090
2025-04-28 10:34:36,564 - DEBUG - STREAM b'IHDR' 16 13
2025-04-28 10:34:36,564 - DEBUG - STREAM b'sRGB' 41 1
2025-04-28 10:34:36,564 - DEBUG - STREAM b'gAMA' 54 4
2025-04-28 10:34:36,564 - DEBUG - STREAM b'pHYs' 70 9
2025-04-28 10:34:36,564 - DEBUG - STREAM b'IDAT' 91 15047
2025-04-28 10:34:36,564 - DEBUG - STREAM b'IHDR' 16 13
2025-04-28 10:34:36,564 - DEBUG - STREAM b'sRGB' 41 1
2025-04-28 10:34:36,564 - DEBUG - STREAM b'gAMA' 54 4
2025-04-28 10:34:36,564 - DEBUG - STREAM b'pHYs' 70 9
2025-04-28 10:34:36,564 - DEBUG - STREAM b'IDAT' 91 22614
2025-04-28 10:34:36,565 - DEBUG - STREAM b'IHDR' 16 13
2025-04-28 10:34:36,565 - DEBUG - STREAM b'sRGB' 41 1
2025-04-28 10:34:36,565 - DEBUG - STREAM b'gAMA' 54 4
2025-04-28 10:34:36,565 - DEBUG - STREAM b'pHYs' 70 9
2025-04-28 10:34:36,565 - DEBUG - STREAM b'IDAT' 91 2496
2025-04-28 10:34:36,565 - INFO - Selected folder: C:/Users/Ron Michael Comia/Pictures/Screenshots
2025-04-28 10:34:36,680 - DEBUG - Loaded images, row_frames count: 10, images displayed: 10
2025-04-28 10:34:37,289 - DEBUG - Updating highlights, selected_image: 1.png, row_frames count: 10
2025-04-28 10:34:37,297 - DEBUG - Set color for 1.png: ('#FFFF99', '#666633') (selected: 1.png)
2025-04-28 10:34:37,303 - DEBUG - Set color for 1111(2).png: ('#B8E2B8', '#2E6B44') (selected: 1.png)
2025-04-28 10:34:37,310 - DEBUG - Set color for 1111.png: ('#B8E2B8', '#2E6B44') (selected: 1.png)
2025-04-28 10:34:37,316 - DEBUG - Set color for 1112(1).png: ('#B8E2B8', '#2E6B44') (selected: 1.png)
2025-04-28 10:34:37,323 - DEBUG - Set color for 1112(2).png: ('#B8E2B8', '#2E6B44') (selected: 1.png)
2025-04-28 10:34:37,329 - DEBUG - Set color for 1112.png: ('#B8E2B8', '#2E6B44') (selected: 1.png)
2025-04-28 10:34:37,336 - DEBUG - Set color for 1113(1).png: ('#B8E2B8', '#2E6B44') (selected: 1.png)
2025-04-28 10:34:37,342 - DEBUG - Set color for 1113(2).png: ('#B8E2B8', '#2E6B44') (selected: 1.png)
2025-04-28 10:34:37,349 - DEBUG - Set color for 1113.png: ('#B8E2B8', '#2E6B44') (selected: 1.png)
2025-04-28 10:34:37,356 - DEBUG - Set color for 33(1).png: ('#B8E2B8', '#2E6B44') (selected: 1.png)
2025-04-28 10:34:37,407 - DEBUG - STREAM b'IHDR' 16 13
2025-04-28 10:34:37,407 - DEBUG - STREAM b'sRGB' 41 1
2025-04-28 10:34:37,407 - DEBUG - STREAM b'gAMA' 54 4
2025-04-28 10:34:37,407 - DEBUG - STREAM b'pHYs' 70 9
2025-04-28 10:34:37,407 - DEBUG - STREAM b'IDAT' 91 65445
2025-04-28 10:34:37,649 - DEBUG - STREAM b'IHDR' 16 13
2025-04-28 10:34:37,649 - DEBUG - STREAM b'sRGB' 41 1
2025-04-28 10:34:37,649 - DEBUG - STREAM b'gAMA' 54 4
2025-04-28 10:34:37,649 - DEBUG - STREAM b'pHYs' 70 9
2025-04-28 10:34:37,649 - DEBUG - STREAM b'IDAT' 91 65445
2025-04-28 10:34:38,141 - INFO - Saved rename for 1.png: 
2025-04-28 10:34:38,141 - DEBUG - STREAM b'IHDR' 16 13
2025-04-28 10:34:38,141 - DEBUG - STREAM b'IDAT' 41 10777
2025-04-28 10:34:38,146 - DEBUG - Updating highlights, selected_image: 1111(2).png, row_frames count: 10
2025-04-28 10:34:38,153 - DEBUG - Set color for 1.png: ('#B8E2B8', '#2E6B44') (selected: 1111(2).png)
2025-04-28 10:34:38,159 - DEBUG - Set color for 1111(2).png: ('#FFFF99', '#666633') (selected: 1111(2).png)
2025-04-28 10:34:38,166 - DEBUG - Set color for 1111.png: ('#B8E2B8', '#2E6B44') (selected: 1111(2).png)
2025-04-28 10:34:38,173 - DEBUG - Set color for 1112(1).png: ('#B8E2B8', '#2E6B44') (selected: 1111(2).png)
2025-04-28 10:34:38,179 - DEBUG - Set color for 1112(2).png: ('#B8E2B8', '#2E6B44') (selected: 1111(2).png)
2025-04-28 10:34:38,186 - DEBUG - Set color for 1112.png: ('#B8E2B8', '#2E6B44') (selected: 1111(2).png)
2025-04-28 10:34:38,193 - DEBUG - Set color for 1113(1).png: ('#B8E2B8', '#2E6B44') (selected: 1111(2).png)
2025-04-28 10:34:38,199 - DEBUG - Set color for 1113(2).png: ('#B8E2B8', '#2E6B44') (selected: 1111(2).png)
2025-04-28 10:34:38,206 - DEBUG - Set color for 1113.png: ('#B8E2B8', '#2E6B44') (selected: 1111(2).png)
2025-04-28 10:34:38,212 - DEBUG - Set color for 33(1).png: ('#B8E2B8', '#2E6B44') (selected: 1111(2).png)
2025-04-28 10:34:38,350 - DEBUG - STREAM b'IHDR' 16 13
2025-04-28 10:34:38,350 - DEBUG - STREAM b'IDAT' 41 10777
2025-04-28 10:34:38,362 - INFO - Saved rename for 1111(2).png: 
2025-04-28 10:34:38,362 - DEBUG - STREAM b'IHDR' 16 13
2025-04-28 10:34:38,362 - DEBUG - STREAM b'IDAT' 41 65536
2025-04-28 10:34:38,367 - DEBUG - Updating highlights, selected_image: 1111.png, row_frames count: 10
2025-04-28 10:34:38,374 - DEBUG - Set color for 1.png: ('#B8E2B8', '#2E6B44') (selected: 1111.png)
2025-04-28 10:34:38,380 - DEBUG - Set color for 1111(2).png: ('#B8E2B8', '#2E6B44') (selected: 1111.png)
2025-04-28 10:34:38,387 - DEBUG - Set color for 1111.png: ('#FFFF99', '#666633') (selected: 1111.png)
2025-04-28 10:34:38,394 - DEBUG - Set color for 1112(1).png: ('#B8E2B8', '#2E6B44') (selected: 1111.png)
2025-04-28 10:34:38,400 - DEBUG - Set color for 1112(2).png: ('#B8E2B8', '#2E6B44') (selected: 1111.png)
2025-04-28 10:34:38,407 - DEBUG - Set color for 1112.png: ('#B8E2B8', '#2E6B44') (selected: 1111.png)
2025-04-28 10:34:38,414 - DEBUG - Set color for 1113(1).png: ('#B8E2B8', '#2E6B44') (selected: 1111.png)
2025-04-28 10:34:38,421 - DEBUG - Set color for 1113(2).png: ('#B8E2B8', '#2E6B44') (selected: 1111.png)
2025-04-28 10:34:38,427 - DEBUG - Set color for 1113.png: ('#B8E2B8', '#2E6B44') (selected: 1111.png)
2025-04-28 10:34:38,434 - DEBUG - Set color for 33(1).png: ('#B8E2B8', '#2E6B44') (selected: 1111.png)
2025-04-28 10:34:38,522 - INFO - Saved rename for 1111.png: 
2025-04-28 10:34:38,522 - DEBUG - STREAM b'IHDR' 16 13
2025-04-28 10:34:38,523 - DEBUG - STREAM b'sRGB' 41 1
2025-04-28 10:34:38,523 - DEBUG - STREAM b'gAMA' 54 4
2025-04-28 10:34:38,523 - DEBUG - STREAM b'pHYs' 70 9
2025-04-28 10:34:38,523 - DEBUG - STREAM b'IDAT' 91 1206
2025-04-28 10:34:38,526 - DEBUG - Updating highlights, selected_image: 1112(1).png, row_frames count: 10
2025-04-28 10:34:38,532 - DEBUG - Set color for 1.png: ('#B8E2B8', '#2E6B44') (selected: 1112(1).png)
2025-04-28 10:34:38,539 - DEBUG - Set color for 1111(2).png: ('#B8E2B8', '#2E6B44') (selected: 1112(1).png)
2025-04-28 10:34:38,546 - DEBUG - Set color for 1111.png: ('#B8E2B8', '#2E6B44') (selected: 1112(1).png)
2025-04-28 10:34:38,552 - DEBUG - Set color for 1112(1).png: ('#FFFF99', '#666633') (selected: 1112(1).png)
2025-04-28 10:34:38,559 - DEBUG - Set color for 1112(2).png: ('#B8E2B8', '#2E6B44') (selected: 1112(1).png)
2025-04-28 10:34:38,565 - DEBUG - Set color for 1112.png: ('#B8E2B8', '#2E6B44') (selected: 1112(1).png)
2025-04-28 10:34:38,572 - DEBUG - Set color for 1113(1).png: ('#B8E2B8', '#2E6B44') (selected: 1112(1).png)
2025-04-28 10:34:38,579 - DEBUG - Set color for 1113(2).png: ('#B8E2B8', '#2E6B44') (selected: 1112(1).png)
2025-04-28 10:34:38,585 - DEBUG - Set color for 1113.png: ('#B8E2B8', '#2E6B44') (selected: 1112(1).png)
2025-04-28 10:34:38,593 - DEBUG - Set color for 33(1).png: ('#B8E2B8', '#2E6B44') (selected: 1112(1).png)
2025-04-28 10:34:38,667 - INFO - Saved rename for 1112(1).png: 
2025-04-28 10:34:38,667 - DEBUG - STREAM b'IHDR' 16 13
2025-04-28 10:34:38,667 - DEBUG - STREAM b'IDAT' 41 23096
2025-04-28 10:34:38,671 - DEBUG - Updating highlights, selected_image: 1112(2).png, row_frames count: 10
2025-04-28 10:34:38,677 - DEBUG - Set color for 1.png: ('#B8E2B8', '#2E6B44') (selected: 1112(2).png)
2025-04-28 10:34:38,684 - DEBUG - Set color for 1111(2).png: ('#B8E2B8', '#2E6B44') (selected: 1112(2).png)
2025-04-28 10:34:38,691 - DEBUG - Set color for 1111.png: ('#B8E2B8', '#2E6B44') (selected: 1112(2).png)
2025-04-28 10:34:38,698 - DEBUG - Set color for 1112(1).png: ('#B8E2B8', '#2E6B44') (selected: 1112(2).png)
2025-04-28 10:34:38,705 - DEBUG - Set color for 1112(2).png: ('#FFFF99', '#666633') (selected: 1112(2).png)
2025-04-28 10:34:38,711 - DEBUG - Set color for 1112.png: ('#B8E2B8', '#2E6B44') (selected: 1112(2).png)
2025-04-28 10:34:38,718 - DEBUG - Set color for 1113(1).png: ('#B8E2B8', '#2E6B44') (selected: 1112(2).png)
2025-04-28 10:34:38,724 - DEBUG - Set color for 1113(2).png: ('#B8E2B8', '#2E6B44') (selected: 1112(2).png)
2025-04-28 10:34:38,732 - DEBUG - Set color for 1113.png: ('#B8E2B8', '#2E6B44') (selected: 1112(2).png)
2025-04-28 10:34:38,738 - DEBUG - Set color for 33(1).png: ('#B8E2B8', '#2E6B44') (selected: 1112(2).png)
2025-04-28 10:34:39,466 - INFO - Saved rename for 1112(2).png: 
2025-04-28 10:34:39,466 - DEBUG - STREAM b'IHDR' 16 13
2025-04-28 10:34:39,466 - DEBUG - STREAM b'IDAT' 41 7901
2025-04-28 10:34:39,470 - DEBUG - Updating highlights, selected_image: 1112.png, row_frames count: 10
2025-04-28 10:34:39,476 - DEBUG - Set color for 1.png: ('#B8E2B8', '#2E6B44') (selected: 1112.png)
2025-04-28 10:34:39,483 - DEBUG - Set color for 1111(2).png: ('#B8E2B8', '#2E6B44') (selected: 1112.png)
2025-04-28 10:34:39,489 - DEBUG - Set color for 1111.png: ('#B8E2B8', '#2E6B44') (selected: 1112.png)
2025-04-28 10:34:39,496 - DEBUG - Set color for 1112(1).png: ('#B8E2B8', '#2E6B44') (selected: 1112.png)
2025-04-28 10:34:39,502 - DEBUG - Set color for 1112(2).png: ('#B8E2B8', '#2E6B44') (selected: 1112.png)
2025-04-28 10:34:39,509 - DEBUG - Set color for 1112.png: ('#FFFF99', '#666633') (selected: 1112.png)
2025-04-28 10:34:39,516 - DEBUG - Set color for 1113(1).png: ('#B8E2B8', '#2E6B44') (selected: 1112.png)
2025-04-28 10:34:39,522 - DEBUG - Set color for 1113(2).png: ('#B8E2B8', '#2E6B44') (selected: 1112.png)
2025-04-28 10:34:39,529 - DEBUG - Set color for 1113.png: ('#B8E2B8', '#2E6B44') (selected: 1112.png)
2025-04-28 10:34:39,536 - DEBUG - Set color for 33(1).png: ('#B8E2B8', '#2E6B44') (selected: 1112.png)
2025-04-28 10:34:39,706 - INFO - Saved rename for 1112.png: 
2025-04-28 10:34:39,707 - DEBUG - STREAM b'IHDR' 16 13
2025-04-28 10:34:39,707 - DEBUG - STREAM b'sRGB' 41 1
2025-04-28 10:34:39,707 - DEBUG - STREAM b'gAMA' 54 4
2025-04-28 10:34:39,707 - DEBUG - STREAM b'pHYs' 70 9
2025-04-28 10:34:39,707 - DEBUG - STREAM b'IDAT' 91 20911
2025-04-28 10:34:39,725 - DEBUG - Updating highlights, selected_image: 1113(1).png, row_frames count: 10
2025-04-28 10:34:39,732 - DEBUG - Set color for 1.png: ('#B8E2B8', '#2E6B44') (selected: 1113(1).png)
2025-04-28 10:34:39,738 - DEBUG - Set color for 1111(2).png: ('#B8E2B8', '#2E6B44') (selected: 1113(1).png)
2025-04-28 10:34:39,745 - DEBUG - Set color for 1111.png: ('#B8E2B8', '#2E6B44') (selected: 1113(1).png)
2025-04-28 10:34:39,752 - DEBUG - Set color for 1112(1).png: ('#B8E2B8', '#2E6B44') (selected: 1113(1).png)
2025-04-28 10:34:39,758 - DEBUG - Set color for 1112(2).png: ('#B8E2B8', '#2E6B44') (selected: 1113(1).png)
2025-04-28 10:34:39,765 - DEBUG - Set color for 1112.png: ('#B8E2B8', '#2E6B44') (selected: 1113(1).png)
2025-04-28 10:34:39,772 - DEBUG - Set color for 1113(1).png: ('#FFFF99', '#666633') (selected: 1113(1).png)
2025-04-28 10:34:39,779 - DEBUG - Set color for 1113(2).png: ('#B8E2B8', '#2E6B44') (selected: 1113(1).png)
2025-04-28 10:34:39,785 - DEBUG - Set color for 1113.png: ('#B8E2B8', '#2E6B44') (selected: 1113(1).png)
2025-04-28 10:34:39,791 - DEBUG - Set color for 33(1).png: ('#B8E2B8', '#2E6B44') (selected: 1113(1).png)
2025-04-28 10:34:40,041 - INFO - Saved rename for 1113(1).png: 
2025-04-28 10:34:40,042 - DEBUG - STREAM b'IHDR' 16 13
2025-04-28 10:34:40,042 - DEBUG - STREAM b'IDAT' 41 7901
2025-04-28 10:34:40,046 - DEBUG - Updating highlights, selected_image: 1112.png, row_frames count: 10
2025-04-28 10:34:40,053 - DEBUG - Set color for 1.png: ('#B8E2B8', '#2E6B44') (selected: 1112.png)
2025-04-28 10:34:40,060 - DEBUG - Set color for 1111(2).png: ('#B8E2B8', '#2E6B44') (selected: 1112.png)
2025-04-28 10:34:40,067 - DEBUG - Set color for 1111.png: ('#B8E2B8', '#2E6B44') (selected: 1112.png)
2025-04-28 10:34:40,073 - DEBUG - Set color for 1112(1).png: ('#B8E2B8', '#2E6B44') (selected: 1112.png)
2025-04-28 10:34:40,080 - DEBUG - Set color for 1112(2).png: ('#B8E2B8', '#2E6B44') (selected: 1112.png)
2025-04-28 10:34:40,086 - DEBUG - Set color for 1112.png: ('#FFFF99', '#666633') (selected: 1112.png)
2025-04-28 10:34:40,093 - DEBUG - Set color for 1113(1).png: ('#B8E2B8', '#2E6B44') (selected: 1112.png)
2025-04-28 10:34:40,099 - DEBUG - Set color for 1113(2).png: ('#B8E2B8', '#2E6B44') (selected: 1112.png)
2025-04-28 10:34:40,105 - DEBUG - Set color for 1113.png: ('#B8E2B8', '#2E6B44') (selected: 1112.png)
2025-04-28 10:34:40,112 - DEBUG - Set color for 33(1).png: ('#B8E2B8', '#2E6B44') (selected: 1112.png)
2025-04-28 10:34:40,210 - INFO - Saved rename for 1112.png: 
2025-04-28 10:34:40,210 - DEBUG - STREAM b'IHDR' 16 13
2025-04-28 10:34:40,210 - DEBUG - STREAM b'IDAT' 41 23096
2025-04-28 10:34:40,214 - DEBUG - Updating highlights, selected_image: 1112(2).png, row_frames count: 10
2025-04-28 10:34:40,221 - DEBUG - Set color for 1.png: ('#B8E2B8', '#2E6B44') (selected: 1112(2).png)
2025-04-28 10:34:40,228 - DEBUG - Set color for 1111(2).png: ('#B8E2B8', '#2E6B44') (selected: 1112(2).png)
2025-04-28 10:34:40,234 - DEBUG - Set color for 1111.png: ('#B8E2B8', '#2E6B44') (selected: 1112(2).png)
2025-04-28 10:34:40,241 - DEBUG - Set color for 1112(1).png: ('#B8E2B8', '#2E6B44') (selected: 1112(2).png)
2025-04-28 10:34:40,248 - DEBUG - Set color for 1112(2).png: ('#FFFF99', '#666633') (selected: 1112(2).png)
2025-04-28 10:34:40,255 - DEBUG - Set color for 1112.png: ('#B8E2B8', '#2E6B44') (selected: 1112(2).png)
2025-04-28 10:34:40,261 - DEBUG - Set color for 1113(1).png: ('#B8E2B8', '#2E6B44') (selected: 1112(2).png)
2025-04-28 10:34:40,268 - DEBUG - Set color for 1113(2).png: ('#B8E2B8', '#2E6B44') (selected: 1112(2).png)
2025-04-28 10:34:40,275 - DEBUG - Set color for 1113.png: ('#B8E2B8', '#2E6B44') (selected: 1112(2).png)
2025-04-28 10:34:40,282 - DEBUG - Set color for 33(1).png: ('#B8E2B8', '#2E6B44') (selected: 1112(2).png)
2025-04-28 10:34:40,538 - INFO - Saved rename for 1112(2).png: 
2025-04-28 10:34:40,538 - DEBUG - STREAM b'IHDR' 16 13
2025-04-28 10:34:40,538 - DEBUG - STREAM b'sRGB' 41 1
2025-04-28 10:34:40,538 - DEBUG - STREAM b'gAMA' 54 4
2025-04-28 10:34:40,538 - DEBUG - STREAM b'pHYs' 70 9
2025-04-28 10:34:40,538 - DEBUG - STREAM b'IDAT' 91 1206
2025-04-28 10:34:40,541 - DEBUG - Updating highlights, selected_image: 1112(1).png, row_frames count: 10
2025-04-28 10:34:40,548 - DEBUG - Set color for 1.png: ('#B8E2B8', '#2E6B44') (selected: 1112(1).png)
2025-04-28 10:34:40,555 - DEBUG - Set color for 1111(2).png: ('#B8E2B8', '#2E6B44') (selected: 1112(1).png)
2025-04-28 10:34:40,562 - DEBUG - Set color for 1111.png: ('#B8E2B8', '#2E6B44') (selected: 1112(1).png)
2025-04-28 10:34:40,568 - DEBUG - Set color for 1112(1).png: ('#FFFF99', '#666633') (selected: 1112(1).png)
2025-04-28 10:34:40,574 - DEBUG - Set color for 1112(2).png: ('#B8E2B8', '#2E6B44') (selected: 1112(1).png)
2025-04-28 10:34:40,581 - DEBUG - Set color for 1112.png: ('#B8E2B8', '#2E6B44') (selected: 1112(1).png)
2025-04-28 10:34:40,588 - DEBUG - Set color for 1113(1).png: ('#B8E2B8', '#2E6B44') (selected: 1112(1).png)
2025-04-28 10:34:40,594 - DEBUG - Set color for 1113(2).png: ('#B8E2B8', '#2E6B44') (selected: 1112(1).png)
2025-04-28 10:34:40,601 - DEBUG - Set color for 1113.png: ('#B8E2B8', '#2E6B44') (selected: 1112(1).png)
2025-04-28 10:34:40,607 - DEBUG - Set color for 33(1).png: ('#B8E2B8', '#2E6B44') (selected: 1112(1).png)
2025-04-28 10:34:48,611 - DEBUG - Updating highlights, selected_image: 1.png, row_frames count: 10
2025-04-28 10:34:48,617 - DEBUG - Set color for 1.png: ('#FFFF99', '#666633') (selected: 1.png)
2025-04-28 10:34:48,624 - DEBUG - Set color for 1111(2).png: ('#B8E2B8', '#2E6B44') (selected: 1.png)
2025-04-28 10:34:48,631 - DEBUG - Set color for 1111.png: ('#B8E2B8', '#2E6B44') (selected: 1.png)
2025-04-28 10:34:48,637 - DEBUG - Set color for 1112(1).png: ('#B8E2B8', '#2E6B44') (selected: 1.png)
2025-04-28 10:34:48,644 - DEBUG - Set color for 1112(2).png: ('#B8E2B8', '#2E6B44') (selected: 1.png)
2025-04-28 10:34:48,650 - DEBUG - Set color for 1112.png: ('#B8E2B8', '#2E6B44') (selected: 1.png)
2025-04-28 10:34:48,658 - DEBUG - Set color for 1113(1).png: ('#B8E2B8', '#2E6B44') (selected: 1.png)
2025-04-28 10:34:48,664 - DEBUG - Set color for 1113(2).png: ('#B8E2B8', '#2E6B44') (selected: 1.png)
2025-04-28 10:34:48,671 - DEBUG - Set color for 1113.png: ('#B8E2B8', '#2E6B44') (selected: 1.png)
2025-04-28 10:34:48,677 - DEBUG - Set color for 33(1).png: ('#B8E2B8', '#2E6B44') (selected: 1.png)
2025-04-28 10:34:48,725 - DEBUG - STREAM b'IHDR' 16 13
2025-04-28 10:34:48,726 - DEBUG - STREAM b'sRGB' 41 1
2025-04-28 10:34:48,726 - DEBUG - STREAM b'gAMA' 54 4
2025-04-28 10:34:48,726 - DEBUG - STREAM b'pHYs' 70 9
2025-04-28 10:34:48,726 - DEBUG - STREAM b'IDAT' 91 65445
2025-04-28 10:34:48,970 - DEBUG - STREAM b'IHDR' 16 13
2025-04-28 10:34:48,970 - DEBUG - STREAM b'sRGB' 41 1
2025-04-28 10:34:48,970 - DEBUG - STREAM b'gAMA' 54 4
2025-04-28 10:34:48,970 - DEBUG - STREAM b'pHYs' 70 9
2025-04-28 10:34:48,970 - DEBUG - STREAM b'IDAT' 91 65445
2025-04-28 10:34:49,290 - INFO - Saved rename for 1.png: 
2025-04-28 10:34:49,290 - DEBUG - STREAM b'IHDR' 16 13
2025-04-28 10:34:49,290 - DEBUG - STREAM b'IDAT' 41 10777
2025-04-28 10:34:49,295 - DEBUG - Updating highlights, selected_image: 1111(2).png, row_frames count: 10
2025-04-28 10:34:49,301 - DEBUG - Set color for 1.png: ('#B8E2B8', '#2E6B44') (selected: 1111(2).png)
2025-04-28 10:34:49,308 - DEBUG - Set color for 1111(2).png: ('#FFFF99', '#666633') (selected: 1111(2).png)
2025-04-28 10:34:49,315 - DEBUG - Set color for 1111.png: ('#B8E2B8', '#2E6B44') (selected: 1111(2).png)
2025-04-28 10:34:49,321 - DEBUG - Set color for 1112(1).png: ('#B8E2B8', '#2E6B44') (selected: 1111(2).png)
2025-04-28 10:34:49,328 - DEBUG - Set color for 1112(2).png: ('#B8E2B8', '#2E6B44') (selected: 1111(2).png)
2025-04-28 10:34:49,334 - DEBUG - Set color for 1112.png: ('#B8E2B8', '#2E6B44') (selected: 1111(2).png)
2025-04-28 10:34:49,341 - DEBUG - Set color for 1113(1).png: ('#B8E2B8', '#2E6B44') (selected: 1111(2).png)
2025-04-28 10:34:49,348 - DEBUG - Set color for 1113(2).png: ('#B8E2B8', '#2E6B44') (selected: 1111(2).png)
2025-04-28 10:34:49,354 - DEBUG - Set color for 1113.png: ('#B8E2B8', '#2E6B44') (selected: 1111(2).png)
2025-04-28 10:34:49,361 - DEBUG - Set color for 33(1).png: ('#B8E2B8', '#2E6B44') (selected: 1111(2).png)
2025-04-28 10:34:49,473 - INFO - Saved rename for 1111(2).png: 
2025-04-28 10:34:49,474 - DEBUG - STREAM b'IHDR' 16 13
2025-04-28 10:34:49,474 - DEBUG - STREAM b'IDAT' 41 65536
2025-04-28 10:34:49,478 - DEBUG - Updating highlights, selected_image: 1111.png, row_frames count: 10
2025-04-28 10:34:49,485 - DEBUG - Set color for 1.png: ('#B8E2B8', '#2E6B44') (selected: 1111.png)
2025-04-28 10:34:49,492 - DEBUG - Set color for 1111(2).png: ('#B8E2B8', '#2E6B44') (selected: 1111.png)
2025-04-28 10:34:49,499 - DEBUG - Set color for 1111.png: ('#FFFF99', '#666633') (selected: 1111.png)
2025-04-28 10:34:49,505 - DEBUG - Set color for 1112(1).png: ('#B8E2B8', '#2E6B44') (selected: 1111.png)
2025-04-28 10:34:49,512 - DEBUG - Set color for 1112(2).png: ('#B8E2B8', '#2E6B44') (selected: 1111.png)
2025-04-28 10:34:49,519 - DEBUG - Set color for 1112.png: ('#B8E2B8', '#2E6B44') (selected: 1111.png)
2025-04-28 10:34:49,525 - DEBUG - Set color for 1113(1).png: ('#B8E2B8', '#2E6B44') (selected: 1111.png)
2025-04-28 10:34:49,532 - DEBUG - Set color for 1113(2).png: ('#B8E2B8', '#2E6B44') (selected: 1111.png)
2025-04-28 10:34:49,539 - DEBUG - Set color for 1113.png: ('#B8E2B8', '#2E6B44') (selected: 1111.png)
2025-04-28 10:34:49,546 - DEBUG - Set color for 33(1).png: ('#B8E2B8', '#2E6B44') (selected: 1111.png)
2025-04-28 10:34:49,665 - INFO - Saved rename for 1111.png: 
2025-04-28 10:34:49,666 - DEBUG - STREAM b'IHDR' 16 13
2025-04-28 10:34:49,666 - DEBUG - STREAM b'sRGB' 41 1
2025-04-28 10:34:49,666 - DEBUG - STREAM b'gAMA' 54 4
2025-04-28 10:34:49,666 - DEBUG - STREAM b'pHYs' 70 9
2025-04-28 10:34:49,666 - DEBUG - STREAM b'IDAT' 91 1206
2025-04-28 10:34:49,670 - DEBUG - Updating highlights, selected_image: 1112(1).png, row_frames count: 10
2025-04-28 10:34:49,677 - DEBUG - Set color for 1.png: ('#B8E2B8', '#2E6B44') (selected: 1112(1).png)
2025-04-28 10:34:49,683 - DEBUG - Set color for 1111(2).png: ('#B8E2B8', '#2E6B44') (selected: 1112(1).png)
2025-04-28 10:34:49,690 - DEBUG - Set color for 1111.png: ('#B8E2B8', '#2E6B44') (selected: 1112(1).png)
2025-04-28 10:34:49,697 - DEBUG - Set color for 1112(1).png: ('#FFFF99', '#666633') (selected: 1112(1).png)
2025-04-28 10:34:49,703 - DEBUG - Set color for 1112(2).png: ('#B8E2B8', '#2E6B44') (selected: 1112(1).png)
2025-04-28 10:34:49,711 - DEBUG - Set color for 1112.png: ('#B8E2B8', '#2E6B44') (selected: 1112(1).png)
2025-04-28 10:34:49,718 - DEBUG - Set color for 1113(1).png: ('#B8E2B8', '#2E6B44') (selected: 1112(1).png)
2025-04-28 10:34:49,725 - DEBUG - Set color for 1113(2).png: ('#B8E2B8', '#2E6B44') (selected: 1112(1).png)
2025-04-28 10:34:49,731 - DEBUG - Set color for 1113.png: ('#B8E2B8', '#2E6B44') (selected: 1112(1).png)
2025-04-28 10:34:49,738 - DEBUG - Set color for 33(1).png: ('#B8E2B8', '#2E6B44') (selected: 1112(1).png)
2025-04-28 10:34:49,817 - INFO - Saved rename for 1112(1).png: 
2025-04-28 10:34:49,817 - DEBUG - STREAM b'IHDR' 16 13
2025-04-28 10:34:49,818 - DEBUG - STREAM b'IDAT' 41 23096
2025-04-28 10:34:49,822 - DEBUG - Updating highlights, selected_image: 1112(2).png, row_frames count: 10
2025-04-28 10:34:49,829 - DEBUG - Set color for 1.png: ('#B8E2B8', '#2E6B44') (selected: 1112(2).png)
2025-04-28 10:34:49,836 - DEBUG - Set color for 1111(2).png: ('#B8E2B8', '#2E6B44') (selected: 1112(2).png)
2025-04-28 10:34:49,842 - DEBUG - Set color for 1111.png: ('#B8E2B8', '#2E6B44') (selected: 1112(2).png)
2025-04-28 10:34:49,849 - DEBUG - Set color for 1112(1).png: ('#B8E2B8', '#2E6B44') (selected: 1112(2).png)
2025-04-28 10:34:49,855 - DEBUG - Set color for 1112(2).png: ('#FFFF99', '#666633') (selected: 1112(2).png)
2025-04-28 10:34:49,862 - DEBUG - Set color for 1112.png: ('#B8E2B8', '#2E6B44') (selected: 1112(2).png)
2025-04-28 10:34:49,869 - DEBUG - Set color for 1113(1).png: ('#B8E2B8', '#2E6B44') (selected: 1112(2).png)
2025-04-28 10:34:49,875 - DEBUG - Set color for 1113(2).png: ('#B8E2B8', '#2E6B44') (selected: 1112(2).png)
2025-04-28 10:34:49,882 - DEBUG - Set color for 1113.png: ('#B8E2B8', '#2E6B44') (selected: 1112(2).png)
2025-04-28 10:34:49,889 - DEBUG - Set color for 33(1).png: ('#B8E2B8', '#2E6B44') (selected: 1112(2).png)
2025-04-28 10:34:49,985 - INFO - Saved rename for 1112(2).png: 
2025-04-28 10:34:49,986 - DEBUG - STREAM b'IHDR' 16 13
2025-04-28 10:34:49,986 - DEBUG - STREAM b'IDAT' 41 7901
2025-04-28 10:34:49,990 - DEBUG - Updating highlights, selected_image: 1112.png, row_frames count: 10
2025-04-28 10:34:49,997 - DEBUG - Set color for 1.png: ('#B8E2B8', '#2E6B44') (selected: 1112.png)
2025-04-28 10:34:50,004 - DEBUG - Set color for 1111(2).png: ('#B8E2B8', '#2E6B44') (selected: 1112.png)
2025-04-28 10:34:50,010 - DEBUG - Set color for 1111.png: ('#B8E2B8', '#2E6B44') (selected: 1112.png)
2025-04-28 10:34:50,017 - DEBUG - Set color for 1112(1).png: ('#B8E2B8', '#2E6B44') (selected: 1112.png)
2025-04-28 10:34:50,023 - DEBUG - Set color for 1112(2).png: ('#B8E2B8', '#2E6B44') (selected: 1112.png)
2025-04-28 10:34:50,031 - DEBUG - Set color for 1112.png: ('#FFFF99', '#666633') (selected: 1112.png)
2025-04-28 10:34:50,037 - DEBUG - Set color for 1113(1).png: ('#B8E2B8', '#2E6B44') (selected: 1112.png)
2025-04-28 10:34:50,044 - DEBUG - Set color for 1113(2).png: ('#B8E2B8', '#2E6B44') (selected: 1112.png)
2025-04-28 10:34:50,051 - DEBUG - Set color for 1113.png: ('#B8E2B8', '#2E6B44') (selected: 1112.png)
2025-04-28 10:34:50,058 - DEBUG - Set color for 33(1).png: ('#B8E2B8', '#2E6B44') (selected: 1112.png)
2025-04-28 10:34:50,170 - INFO - Saved rename for 1112.png: 
2025-04-28 10:34:50,170 - DEBUG - STREAM b'IHDR' 16 13
2025-04-28 10:34:50,170 - DEBUG - STREAM b'sRGB' 41 1
2025-04-28 10:34:50,170 - DEBUG - STREAM b'gAMA' 54 4
2025-04-28 10:34:50,170 - DEBUG - STREAM b'pHYs' 70 9
2025-04-28 10:34:50,170 - DEBUG - STREAM b'IDAT' 91 20911
2025-04-28 10:34:50,188 - DEBUG - Updating highlights, selected_image: 1113(1).png, row_frames count: 10
2025-04-28 10:34:50,195 - DEBUG - Set color for 1.png: ('#B8E2B8', '#2E6B44') (selected: 1113(1).png)
2025-04-28 10:34:50,202 - DEBUG - Set color for 1111(2).png: ('#B8E2B8', '#2E6B44') (selected: 1113(1).png)
2025-04-28 10:34:50,208 - DEBUG - Set color for 1111.png: ('#B8E2B8', '#2E6B44') (selected: 1113(1).png)
2025-04-28 10:34:50,214 - DEBUG - Set color for 1112(1).png: ('#B8E2B8', '#2E6B44') (selected: 1113(1).png)
2025-04-28 10:34:50,221 - DEBUG - Set color for 1112(2).png: ('#B8E2B8', '#2E6B44') (selected: 1113(1).png)
2025-04-28 10:34:50,228 - DEBUG - Set color for 1112.png: ('#B8E2B8', '#2E6B44') (selected: 1113(1).png)
2025-04-28 10:34:50,235 - DEBUG - Set color for 1113(1).png: ('#FFFF99', '#666633') (selected: 1113(1).png)
2025-04-28 10:34:50,241 - DEBUG - Set color for 1113(2).png: ('#B8E2B8', '#2E6B44') (selected: 1113(1).png)
2025-04-28 10:34:50,248 - DEBUG - Set color for 1113.png: ('#B8E2B8', '#2E6B44') (selected: 1113(1).png)
2025-04-28 10:34:50,255 - DEBUG - Set color for 33(1).png: ('#B8E2B8', '#2E6B44') (selected: 1113(1).png)
2025-04-28 10:34:50,354 - INFO - Saved rename for 1113(1).png: 
2025-04-28 10:34:50,354 - DEBUG - STREAM b'IHDR' 16 13
2025-04-28 10:34:50,354 - DEBUG - STREAM b'IDAT' 41 25693
2025-04-28 10:34:50,358 - DEBUG - Updating highlights, selected_image: 1113(2).png, row_frames count: 10
2025-04-28 10:34:50,365 - DEBUG - Set color for 1.png: ('#B8E2B8', '#2E6B44') (selected: 1113(2).png)
2025-04-28 10:34:50,371 - DEBUG - Set color for 1111(2).png: ('#B8E2B8', '#2E6B44') (selected: 1113(2).png)
2025-04-28 10:34:50,378 - DEBUG - Set color for 1111.png: ('#B8E2B8', '#2E6B44') (selected: 1113(2).png)
2025-04-28 10:34:50,384 - DEBUG - Set color for 1112(1).png: ('#B8E2B8', '#2E6B44') (selected: 1113(2).png)
2025-04-28 10:34:50,391 - DEBUG - Set color for 1112(2).png: ('#B8E2B8', '#2E6B44') (selected: 1113(2).png)
2025-04-28 10:34:50,397 - DEBUG - Set color for 1112.png: ('#B8E2B8', '#2E6B44') (selected: 1113(2).png)
2025-04-28 10:34:50,404 - DEBUG - Set color for 1113(1).png: ('#B8E2B8', '#2E6B44') (selected: 1113(2).png)
2025-04-28 10:34:50,410 - DEBUG - Set color for 1113(2).png: ('#FFFF99', '#666633') (selected: 1113(2).png)
2025-04-28 10:34:50,417 - DEBUG - Set color for 1113.png: ('#B8E2B8', '#2E6B44') (selected: 1113(2).png)
2025-04-28 10:34:50,424 - DEBUG - Set color for 33(1).png: ('#B8E2B8', '#2E6B44') (selected: 1113(2).png)
2025-04-28 10:34:50,554 - INFO - Saved rename for 1113(2).png: 
2025-04-28 10:34:50,555 - DEBUG - STREAM b'IHDR' 16 13
2025-04-28 10:34:50,555 - DEBUG - STREAM b'IDAT' 41 34000
2025-04-28 10:34:50,559 - DEBUG - Updating highlights, selected_image: 1113.png, row_frames count: 10
2025-04-28 10:34:50,566 - DEBUG - Set color for 1.png: ('#B8E2B8', '#2E6B44') (selected: 1113.png)
2025-04-28 10:34:50,572 - DEBUG - Set color for 1111(2).png: ('#B8E2B8', '#2E6B44') (selected: 1113.png)
2025-04-28 10:34:50,579 - DEBUG - Set color for 1111.png: ('#B8E2B8', '#2E6B44') (selected: 1113.png)
2025-04-28 10:34:50,585 - DEBUG - Set color for 1112(1).png: ('#B8E2B8', '#2E6B44') (selected: 1113.png)
2025-04-28 10:34:50,592 - DEBUG - Set color for 1112(2).png: ('#B8E2B8', '#2E6B44') (selected: 1113.png)
2025-04-28 10:34:50,598 - DEBUG - Set color for 1112.png: ('#B8E2B8', '#2E6B44') (selected: 1113.png)
2025-04-28 10:34:50,605 - DEBUG - Set color for 1113(1).png: ('#B8E2B8', '#2E6B44') (selected: 1113.png)
2025-04-28 10:34:50,612 - DEBUG - Set color for 1113(2).png: ('#B8E2B8', '#2E6B44') (selected: 1113.png)
2025-04-28 10:34:50,618 - DEBUG - Set color for 1113.png: ('#FFFF99', '#666633') (selected: 1113.png)
2025-04-28 10:34:50,625 - DEBUG - Set color for 33(1).png: ('#B8E2B8', '#2E6B44') (selected: 1113.png)
2025-04-28 10:34:51,098 - INFO - Saved rename for 1113.png: 
2025-04-28 10:34:51,098 - DEBUG - STREAM b'IHDR' 16 13
2025-04-28 10:34:51,098 - DEBUG - STREAM b'IDAT' 41 65536
2025-04-28 10:34:51,103 - DEBUG - Updating highlights, selected_image: 33(1).png, row_frames count: 10
2025-04-28 10:34:51,110 - DEBUG - Set color for 1.png: ('#B8E2B8', '#2E6B44') (selected: 33(1).png)
2025-04-28 10:34:51,116 - DEBUG - Set color for 1111(2).png: ('#B8E2B8', '#2E6B44') (selected: 33(1).png)
2025-04-28 10:34:51,123 - DEBUG - Set color for 1111.png: ('#B8E2B8', '#2E6B44') (selected: 33(1).png)
2025-04-28 10:34:51,129 - DEBUG - Set color for 1112(1).png: ('#B8E2B8', '#2E6B44') (selected: 33(1).png)
2025-04-28 10:34:51,135 - DEBUG - Set color for 1112(2).png: ('#B8E2B8', '#2E6B44') (selected: 33(1).png)
2025-04-28 10:34:51,142 - DEBUG - Set color for 1112.png: ('#B8E2B8', '#2E6B44') (selected: 33(1).png)
2025-04-28 10:34:51,149 - DEBUG - Set color for 1113(1).png: ('#B8E2B8', '#2E6B44') (selected: 33(1).png)
2025-04-28 10:34:51,155 - DEBUG - Set color for 1113(2).png: ('#B8E2B8', '#2E6B44') (selected: 33(1).png)
2025-04-28 10:34:51,162 - DEBUG - Set color for 1113.png: ('#B8E2B8', '#2E6B44') (selected: 33(1).png)
2025-04-28 10:34:51,168 - DEBUG - Set color for 33(1).png: ('#FFFF99', '#666633') (selected: 33(1).png)
2025-04-28 10:42:42,558 - INFO - Application started
2025-04-28 10:42:42,597 - DEBUG - STREAM b'IHDR' 16 13
2025-04-28 10:42:42,597 - DEBUG - STREAM b'iCCP' 41 2582
2025-04-28 10:42:42,597 - DEBUG - iCCP profile name b'icc'
2025-04-28 10:42:42,597 - DEBUG - Compression method 0
2025-04-28 10:42:42,597 - DEBUG - STREAM b'pHYs' 2635 9
2025-04-28 10:42:42,597 - DEBUG - STREAM b'IDAT' 2656 8192
2025-04-28 10:42:42,598 - DEBUG - STREAM b'IHDR' 16 13
2025-04-28 10:42:42,598 - DEBUG - STREAM b'iCCP' 41 2582
2025-04-28 10:42:42,598 - DEBUG - iCCP profile name b'icc'
2025-04-28 10:42:42,598 - DEBUG - Compression method 0
2025-04-28 10:42:42,598 - DEBUG - STREAM b'pHYs' 2635 9
2025-04-28 10:42:42,598 - DEBUG - STREAM b'IDAT' 2656 8192
2025-04-28 10:42:42,622 - DEBUG - STREAM b'IHDR' 16 13
2025-04-28 10:42:42,622 - DEBUG - STREAM b'iCCP' 41 2582
2025-04-28 10:42:42,622 - DEBUG - iCCP profile name b'icc'
2025-04-28 10:42:42,623 - DEBUG - Compression method 0
2025-04-28 10:42:42,623 - DEBUG - STREAM b'pHYs' 2635 9
2025-04-28 10:42:42,623 - DEBUG - STREAM b'IDAT' 2656 8192
2025-04-28 10:42:42,625 - DEBUG - STREAM b'IHDR' 16 13
2025-04-28 10:42:42,625 - DEBUG - STREAM b'iCCP' 41 2582
2025-04-28 10:42:42,625 - DEBUG - iCCP profile name b'icc'
2025-04-28 10:42:42,625 - DEBUG - Compression method 0
2025-04-28 10:42:42,625 - DEBUG - STREAM b'pHYs' 2635 9
2025-04-28 10:42:42,625 - DEBUG - STREAM b'IDAT' 2656 8192
2025-04-28 10:42:49,903 - DEBUG - STREAM b'IHDR' 16 13
2025-04-28 10:42:49,903 - DEBUG - STREAM b'sRGB' 41 1
2025-04-28 10:42:49,903 - DEBUG - STREAM b'gAMA' 54 4
2025-04-28 10:42:49,903 - DEBUG - STREAM b'pHYs' 70 9
2025-04-28 10:42:49,903 - DEBUG - STREAM b'IDAT' 91 65445
2025-04-28 10:42:49,904 - DEBUG - STREAM b'IHDR' 16 13
2025-04-28 10:42:49,904 - DEBUG - STREAM b'IDAT' 41 10777
2025-04-28 10:42:49,904 - DEBUG - STREAM b'IHDR' 16 13
2025-04-28 10:42:49,904 - DEBUG - STREAM b'IDAT' 41 65536
2025-04-28 10:42:49,904 - DEBUG - STREAM b'IHDR' 16 13
2025-04-28 10:42:49,904 - DEBUG - STREAM b'sRGB' 41 1
2025-04-28 10:42:49,905 - DEBUG - STREAM b'gAMA' 54 4
2025-04-28 10:42:49,905 - DEBUG - STREAM b'pHYs' 70 9
2025-04-28 10:42:49,905 - DEBUG - STREAM b'IDAT' 91 1206
2025-04-28 10:42:49,905 - DEBUG - STREAM b'IHDR' 16 13
2025-04-28 10:42:49,905 - DEBUG - STREAM b'IDAT' 41 23096
2025-04-28 10:42:49,905 - DEBUG - STREAM b'IHDR' 16 13
2025-04-28 10:42:49,905 - DEBUG - STREAM b'IDAT' 41 7901
2025-04-28 10:42:49,905 - DEBUG - STREAM b'IHDR' 16 13
2025-04-28 10:42:49,905 - DEBUG - STREAM b'sRGB' 41 1
2025-04-28 10:42:49,905 - DEBUG - STREAM b'gAMA' 54 4
2025-04-28 10:42:49,905 - DEBUG - STREAM b'pHYs' 70 9
2025-04-28 10:42:49,905 - DEBUG - STREAM b'IDAT' 91 20911
2025-04-28 10:42:49,905 - DEBUG - STREAM b'IHDR' 16 13
2025-04-28 10:42:49,906 - DEBUG - STREAM b'IDAT' 41 25693
2025-04-28 10:42:49,906 - DEBUG - STREAM b'IHDR' 16 13
2025-04-28 10:42:49,906 - DEBUG - STREAM b'IDAT' 41 34000
2025-04-28 10:42:49,906 - DEBUG - STREAM b'IHDR' 16 13
2025-04-28 10:42:49,906 - DEBUG - STREAM b'IDAT' 41 65536
2025-04-28 10:42:49,906 - DEBUG - STREAM b'IHDR' 16 13
2025-04-28 10:42:49,906 - DEBUG - STREAM b'IDAT' 41 14623
2025-04-28 10:42:49,906 - DEBUG - STREAM b'IHDR' 16 13
2025-04-28 10:42:49,906 - DEBUG - STREAM b'IDAT' 41 22765
2025-04-28 10:42:49,907 - DEBUG - STREAM b'IHDR' 16 13
2025-04-28 10:42:49,907 - DEBUG - STREAM b'IDAT' 41 9090
2025-04-28 10:42:49,907 - DEBUG - STREAM b'IHDR' 16 13
2025-04-28 10:42:49,907 - DEBUG - STREAM b'sRGB' 41 1
2025-04-28 10:42:49,907 - DEBUG - STREAM b'gAMA' 54 4
2025-04-28 10:42:49,907 - DEBUG - STREAM b'pHYs' 70 9
2025-04-28 10:42:49,907 - DEBUG - STREAM b'IDAT' 91 15047
2025-04-28 10:42:49,907 - DEBUG - STREAM b'IHDR' 16 13
2025-04-28 10:42:49,907 - DEBUG - STREAM b'sRGB' 41 1
2025-04-28 10:42:49,907 - DEBUG - STREAM b'gAMA' 54 4
2025-04-28 10:42:49,907 - DEBUG - STREAM b'pHYs' 70 9
2025-04-28 10:42:49,907 - DEBUG - STREAM b'IDAT' 91 22614
2025-04-28 10:42:49,907 - DEBUG - STREAM b'IHDR' 16 13
2025-04-28 10:42:49,907 - DEBUG - STREAM b'sRGB' 41 1
2025-04-28 10:42:49,907 - DEBUG - STREAM b'gAMA' 54 4
2025-04-28 10:42:49,908 - DEBUG - STREAM b'pHYs' 70 9
2025-04-28 10:42:49,908 - DEBUG - STREAM b'IDAT' 91 2496
2025-04-28 10:42:49,908 - INFO - Selected folder: C:/Users/Ron Michael Comia/Pictures/Screenshots
2025-04-28 10:42:50,022 - DEBUG - Loaded images, row_frames count: 10, images displayed: 10
2025-04-28 10:42:50,806 - DEBUG - Updating highlights, selected_image: 1.png, row_frames count: 10
2025-04-28 10:42:50,813 - DEBUG - Set color for 1.png: ('#FFFF99', '#666633') (selected: 1.png)
2025-04-28 10:42:50,819 - DEBUG - Set color for 1111(2).png: ('#B8E2B8', '#2E6B44') (selected: 1.png)
2025-04-28 10:42:50,826 - DEBUG - Set color for 1111.png: ('#B8E2B8', '#2E6B44') (selected: 1.png)
2025-04-28 10:42:50,832 - DEBUG - Set color for 1112(1).png: ('#B8E2B8', '#2E6B44') (selected: 1.png)
2025-04-28 10:42:50,838 - DEBUG - Set color for 1112(2).png: ('#B8E2B8', '#2E6B44') (selected: 1.png)
2025-04-28 10:42:50,845 - DEBUG - Set color for 1112.png: ('#B8E2B8', '#2E6B44') (selected: 1.png)
2025-04-28 10:42:50,851 - DEBUG - Set color for 1113(1).png: ('#B8E2B8', '#2E6B44') (selected: 1.png)
2025-04-28 10:42:50,858 - DEBUG - Set color for 1113(2).png: ('#B8E2B8', '#2E6B44') (selected: 1.png)
2025-04-28 10:42:50,864 - DEBUG - Set color for 1113.png: ('#B8E2B8', '#2E6B44') (selected: 1.png)
2025-04-28 10:42:50,870 - DEBUG - Set color for 33(1).png: ('#B8E2B8', '#2E6B44') (selected: 1.png)
2025-04-28 10:42:50,920 - DEBUG - STREAM b'IHDR' 16 13
2025-04-28 10:42:50,920 - DEBUG - STREAM b'sRGB' 41 1
2025-04-28 10:42:50,920 - DEBUG - STREAM b'gAMA' 54 4
2025-04-28 10:42:50,920 - DEBUG - STREAM b'pHYs' 70 9
2025-04-28 10:42:50,920 - DEBUG - STREAM b'IDAT' 91 65445
2025-04-28 10:42:51,165 - DEBUG - STREAM b'IHDR' 16 13
2025-04-28 10:42:51,165 - DEBUG - STREAM b'sRGB' 41 1
2025-04-28 10:42:51,165 - DEBUG - STREAM b'gAMA' 54 4
2025-04-28 10:42:51,165 - DEBUG - STREAM b'pHYs' 70 9
2025-04-28 10:42:51,165 - DEBUG - STREAM b'IDAT' 91 65445
2025-04-28 10:42:51,833 - INFO - Saved rename for 1.png: 
2025-04-28 10:42:51,833 - DEBUG - STREAM b'IHDR' 16 13
2025-04-28 10:42:51,833 - DEBUG - STREAM b'IDAT' 41 10777
2025-04-28 10:42:51,837 - DEBUG - Updating highlights, selected_image: 1111(2).png, row_frames count: 10
2025-04-28 10:42:51,844 - DEBUG - Set color for 1.png: ('#B8E2B8', '#2E6B44') (selected: 1111(2).png)
2025-04-28 10:42:51,850 - DEBUG - Set color for 1111(2).png: ('#FFFF99', '#666633') (selected: 1111(2).png)
2025-04-28 10:42:51,858 - DEBUG - Set color for 1111.png: ('#B8E2B8', '#2E6B44') (selected: 1111(2).png)
2025-04-28 10:42:51,864 - DEBUG - Set color for 1112(1).png: ('#B8E2B8', '#2E6B44') (selected: 1111(2).png)
2025-04-28 10:42:51,871 - DEBUG - Set color for 1112(2).png: ('#B8E2B8', '#2E6B44') (selected: 1111(2).png)
2025-04-28 10:42:51,878 - DEBUG - Set color for 1112.png: ('#B8E2B8', '#2E6B44') (selected: 1111(2).png)
2025-04-28 10:42:51,884 - DEBUG - Set color for 1113(1).png: ('#B8E2B8', '#2E6B44') (selected: 1111(2).png)
2025-04-28 10:42:51,891 - DEBUG - Set color for 1113(2).png: ('#B8E2B8', '#2E6B44') (selected: 1111(2).png)
2025-04-28 10:42:51,897 - DEBUG - Set color for 1113.png: ('#B8E2B8', '#2E6B44') (selected: 1111(2).png)
2025-04-28 10:42:51,904 - DEBUG - Set color for 33(1).png: ('#B8E2B8', '#2E6B44') (selected: 1111(2).png)
2025-04-28 10:42:52,037 - DEBUG - STREAM b'IHDR' 16 13
2025-04-28 10:42:52,037 - DEBUG - STREAM b'IDAT' 41 10777
2025-04-28 10:42:52,198 - INFO - Saved rename for 1111(2).png: 
2025-04-28 10:42:52,198 - DEBUG - STREAM b'IHDR' 16 13
2025-04-28 10:42:52,198 - DEBUG - STREAM b'IDAT' 41 65536
2025-04-28 10:42:52,203 - DEBUG - Updating highlights, selected_image: 1111.png, row_frames count: 10
2025-04-28 10:42:52,209 - DEBUG - Set color for 1.png: ('#B8E2B8', '#2E6B44') (selected: 1111.png)
2025-04-28 10:42:52,216 - DEBUG - Set color for 1111(2).png: ('#B8E2B8', '#2E6B44') (selected: 1111.png)
2025-04-28 10:42:52,222 - DEBUG - Set color for 1111.png: ('#FFFF99', '#666633') (selected: 1111.png)
2025-04-28 10:42:52,229 - DEBUG - Set color for 1112(1).png: ('#B8E2B8', '#2E6B44') (selected: 1111.png)
2025-04-28 10:42:52,235 - DEBUG - Set color for 1112(2).png: ('#B8E2B8', '#2E6B44') (selected: 1111.png)
2025-04-28 10:42:52,242 - DEBUG - Set color for 1112.png: ('#B8E2B8', '#2E6B44') (selected: 1111.png)
2025-04-28 10:42:52,248 - DEBUG - Set color for 1113(1).png: ('#B8E2B8', '#2E6B44') (selected: 1111.png)
2025-04-28 10:42:52,254 - DEBUG - Set color for 1113(2).png: ('#B8E2B8', '#2E6B44') (selected: 1111.png)
2025-04-28 10:42:52,261 - DEBUG - Set color for 1113.png: ('#B8E2B8', '#2E6B44') (selected: 1111.png)
2025-04-28 10:42:52,267 - DEBUG - Set color for 33(1).png: ('#B8E2B8', '#2E6B44') (selected: 1111.png)
2025-04-28 10:42:52,373 - INFO - Saved rename for 1111.png: 
2025-04-28 10:42:52,374 - DEBUG - STREAM b'IHDR' 16 13
2025-04-28 10:42:52,374 - DEBUG - STREAM b'sRGB' 41 1
2025-04-28 10:42:52,374 - DEBUG - STREAM b'gAMA' 54 4
2025-04-28 10:42:52,374 - DEBUG - STREAM b'pHYs' 70 9
2025-04-28 10:42:52,374 - DEBUG - STREAM b'IDAT' 91 1206
2025-04-28 10:42:52,377 - DEBUG - Updating highlights, selected_image: 1112(1).png, row_frames count: 10
2025-04-28 10:42:52,383 - DEBUG - Set color for 1.png: ('#B8E2B8', '#2E6B44') (selected: 1112(1).png)
2025-04-28 10:42:52,390 - DEBUG - Set color for 1111(2).png: ('#B8E2B8', '#2E6B44') (selected: 1112(1).png)
2025-04-28 10:42:52,396 - DEBUG - Set color for 1111.png: ('#B8E2B8', '#2E6B44') (selected: 1112(1).png)
2025-04-28 10:42:52,403 - DEBUG - Set color for 1112(1).png: ('#FFFF99', '#666633') (selected: 1112(1).png)
2025-04-28 10:42:52,409 - DEBUG - Set color for 1112(2).png: ('#B8E2B8', '#2E6B44') (selected: 1112(1).png)
2025-04-28 10:42:52,416 - DEBUG - Set color for 1112.png: ('#B8E2B8', '#2E6B44') (selected: 1112(1).png)
2025-04-28 10:42:52,422 - DEBUG - Set color for 1113(1).png: ('#B8E2B8', '#2E6B44') (selected: 1112(1).png)
2025-04-28 10:42:52,429 - DEBUG - Set color for 1113(2).png: ('#B8E2B8', '#2E6B44') (selected: 1112(1).png)
2025-04-28 10:42:52,435 - DEBUG - Set color for 1113.png: ('#B8E2B8', '#2E6B44') (selected: 1112(1).png)
2025-04-28 10:42:52,442 - DEBUG - Set color for 33(1).png: ('#B8E2B8', '#2E6B44') (selected: 1112(1).png)
2025-04-28 10:42:52,526 - INFO - Saved rename for 1112(1).png: 
2025-04-28 10:42:52,526 - DEBUG - STREAM b'IHDR' 16 13
2025-04-28 10:42:52,527 - DEBUG - STREAM b'IDAT' 41 23096
2025-04-28 10:42:52,531 - DEBUG - Updating highlights, selected_image: 1112(2).png, row_frames count: 10
2025-04-28 10:42:52,537 - DEBUG - Set color for 1.png: ('#B8E2B8', '#2E6B44') (selected: 1112(2).png)
2025-04-28 10:42:52,544 - DEBUG - Set color for 1111(2).png: ('#B8E2B8', '#2E6B44') (selected: 1112(2).png)
2025-04-28 10:42:52,550 - DEBUG - Set color for 1111.png: ('#B8E2B8', '#2E6B44') (selected: 1112(2).png)
2025-04-28 10:42:52,556 - DEBUG - Set color for 1112(1).png: ('#B8E2B8', '#2E6B44') (selected: 1112(2).png)
2025-04-28 10:42:52,563 - DEBUG - Set color for 1112(2).png: ('#FFFF99', '#666633') (selected: 1112(2).png)
2025-04-28 10:42:52,570 - DEBUG - Set color for 1112.png: ('#B8E2B8', '#2E6B44') (selected: 1112(2).png)
2025-04-28 10:42:52,576 - DEBUG - Set color for 1113(1).png: ('#B8E2B8', '#2E6B44') (selected: 1112(2).png)
2025-04-28 10:42:52,582 - DEBUG - Set color for 1113(2).png: ('#B8E2B8', '#2E6B44') (selected: 1112(2).png)
2025-04-28 10:42:52,589 - DEBUG - Set color for 1113.png: ('#B8E2B8', '#2E6B44') (selected: 1112(2).png)
2025-04-28 10:42:52,596 - DEBUG - Set color for 33(1).png: ('#B8E2B8', '#2E6B44') (selected: 1112(2).png)
2025-04-28 10:42:58,559 - INFO - Application started
2025-04-28 10:42:58,601 - DEBUG - STREAM b'IHDR' 16 13
2025-04-28 10:42:58,601 - DEBUG - STREAM b'iCCP' 41 2582
2025-04-28 10:42:58,601 - DEBUG - iCCP profile name b'icc'
2025-04-28 10:42:58,601 - DEBUG - Compression method 0
2025-04-28 10:42:58,601 - DEBUG - STREAM b'pHYs' 2635 9
2025-04-28 10:42:58,601 - DEBUG - STREAM b'IDAT' 2656 8192
2025-04-28 10:42:58,602 - DEBUG - STREAM b'IHDR' 16 13
2025-04-28 10:42:58,602 - DEBUG - STREAM b'iCCP' 41 2582
2025-04-28 10:42:58,602 - DEBUG - iCCP profile name b'icc'
2025-04-28 10:42:58,602 - DEBUG - Compression method 0
2025-04-28 10:42:58,602 - DEBUG - STREAM b'pHYs' 2635 9
2025-04-28 10:42:58,602 - DEBUG - STREAM b'IDAT' 2656 8192
2025-04-28 10:42:58,629 - DEBUG - STREAM b'IHDR' 16 13
2025-04-28 10:42:58,629 - DEBUG - STREAM b'iCCP' 41 2582
2025-04-28 10:42:58,629 - DEBUG - iCCP profile name b'icc'
2025-04-28 10:42:58,629 - DEBUG - Compression method 0
2025-04-28 10:42:58,629 - DEBUG - STREAM b'pHYs' 2635 9
2025-04-28 10:42:58,629 - DEBUG - STREAM b'IDAT' 2656 8192
2025-04-28 10:42:58,631 - DEBUG - STREAM b'IHDR' 16 13
2025-04-28 10:42:58,631 - DEBUG - STREAM b'iCCP' 41 2582
2025-04-28 10:42:58,631 - DEBUG - iCCP profile name b'icc'
2025-04-28 10:42:58,631 - DEBUG - Compression method 0
2025-04-28 10:42:58,631 - DEBUG - STREAM b'pHYs' 2635 9
2025-04-28 10:42:58,631 - DEBUG - STREAM b'IDAT' 2656 8192
2025-04-28 10:43:03,785 - INFO - Application started
2025-04-28 10:43:03,828 - DEBUG - STREAM b'IHDR' 16 13
2025-04-28 10:43:03,828 - DEBUG - STREAM b'iCCP' 41 2582
2025-04-28 10:43:03,829 - DEBUG - iCCP profile name b'icc'
2025-04-28 10:43:03,829 - DEBUG - Compression method 0
2025-04-28 10:43:03,829 - DEBUG - STREAM b'pHYs' 2635 9
2025-04-28 10:43:03,829 - DEBUG - STREAM b'IDAT' 2656 8192
2025-04-28 10:43:03,829 - DEBUG - STREAM b'IHDR' 16 13
2025-04-28 10:43:03,829 - DEBUG - STREAM b'iCCP' 41 2582
2025-04-28 10:43:03,829 - DEBUG - iCCP profile name b'icc'
2025-04-28 10:43:03,829 - DEBUG - Compression method 0
2025-04-28 10:43:03,829 - DEBUG - STREAM b'pHYs' 2635 9
2025-04-28 10:43:03,829 - DEBUG - STREAM b'IDAT' 2656 8192
2025-04-28 10:43:03,854 - DEBUG - STREAM b'IHDR' 16 13
2025-04-28 10:43:03,854 - DEBUG - STREAM b'iCCP' 41 2582
2025-04-28 10:43:03,854 - DEBUG - iCCP profile name b'icc'
2025-04-28 10:43:03,854 - DEBUG - Compression method 0
2025-04-28 10:43:03,854 - DEBUG - STREAM b'pHYs' 2635 9
2025-04-28 10:43:03,854 - DEBUG - STREAM b'IDAT' 2656 8192
2025-04-28 10:43:03,856 - DEBUG - STREAM b'IHDR' 16 13
2025-04-28 10:43:03,856 - DEBUG - STREAM b'iCCP' 41 2582
2025-04-28 10:43:03,856 - DEBUG - iCCP profile name b'icc'
2025-04-28 10:43:03,856 - DEBUG - Compression method 0
2025-04-28 10:43:03,856 - DEBUG - STREAM b'pHYs' 2635 9
2025-04-28 10:43:03,856 - DEBUG - STREAM b'IDAT' 2656 8192
2025-04-28 10:43:07,309 - DEBUG - STREAM b'IHDR' 16 13
2025-04-28 10:43:07,309 - DEBUG - STREAM b'sRGB' 41 1
2025-04-28 10:43:07,309 - DEBUG - STREAM b'gAMA' 54 4
2025-04-28 10:43:07,310 - DEBUG - STREAM b'pHYs' 70 9
2025-04-28 10:43:07,310 - DEBUG - STREAM b'IDAT' 91 65445
2025-04-28 10:43:07,311 - DEBUG - STREAM b'IHDR' 16 13
2025-04-28 10:43:07,311 - DEBUG - STREAM b'IDAT' 41 10777
2025-04-28 10:43:07,311 - DEBUG - STREAM b'IHDR' 16 13
2025-04-28 10:43:07,311 - DEBUG - STREAM b'IDAT' 41 65536
2025-04-28 10:43:07,311 - DEBUG - STREAM b'IHDR' 16 13
2025-04-28 10:43:07,311 - DEBUG - STREAM b'sRGB' 41 1
2025-04-28 10:43:07,311 - DEBUG - STREAM b'gAMA' 54 4
2025-04-28 10:43:07,311 - DEBUG - STREAM b'pHYs' 70 9
2025-04-28 10:43:07,311 - DEBUG - STREAM b'IDAT' 91 1206
2025-04-28 10:43:07,312 - DEBUG - STREAM b'IHDR' 16 13
2025-04-28 10:43:07,312 - DEBUG - STREAM b'IDAT' 41 23096
2025-04-28 10:43:07,312 - DEBUG - STREAM b'IHDR' 16 13
2025-04-28 10:43:07,312 - DEBUG - STREAM b'IDAT' 41 7901
2025-04-28 10:43:07,312 - DEBUG - STREAM b'IHDR' 16 13
2025-04-28 10:43:07,312 - DEBUG - STREAM b'sRGB' 41 1
2025-04-28 10:43:07,312 - DEBUG - STREAM b'gAMA' 54 4
2025-04-28 10:43:07,312 - DEBUG - STREAM b'pHYs' 70 9
2025-04-28 10:43:07,312 - DEBUG - STREAM b'IDAT' 91 20911
2025-04-28 10:43:07,312 - DEBUG - STREAM b'IHDR' 16 13
2025-04-28 10:43:07,312 - DEBUG - STREAM b'IDAT' 41 25693
2025-04-28 10:43:07,313 - DEBUG - STREAM b'IHDR' 16 13
2025-04-28 10:43:07,313 - DEBUG - STREAM b'IDAT' 41 34000
2025-04-28 10:43:07,313 - DEBUG - STREAM b'IHDR' 16 13
2025-04-28 10:43:07,313 - DEBUG - STREAM b'IDAT' 41 65536
2025-04-28 10:43:07,313 - DEBUG - STREAM b'IHDR' 16 13
2025-04-28 10:43:07,313 - DEBUG - STREAM b'IDAT' 41 14623
2025-04-28 10:43:07,313 - DEBUG - STREAM b'IHDR' 16 13
2025-04-28 10:43:07,313 - DEBUG - STREAM b'IDAT' 41 22765
2025-04-28 10:43:07,313 - DEBUG - STREAM b'IHDR' 16 13
2025-04-28 10:43:07,314 - DEBUG - STREAM b'IDAT' 41 9090
2025-04-28 10:43:07,314 - DEBUG - STREAM b'IHDR' 16 13
2025-04-28 10:43:07,314 - DEBUG - STREAM b'sRGB' 41 1
2025-04-28 10:43:07,314 - DEBUG - STREAM b'gAMA' 54 4
2025-04-28 10:43:07,314 - DEBUG - STREAM b'pHYs' 70 9
2025-04-28 10:43:07,314 - DEBUG - STREAM b'IDAT' 91 15047
2025-04-28 10:43:07,314 - DEBUG - STREAM b'IHDR' 16 13
2025-04-28 10:43:07,314 - DEBUG - STREAM b'sRGB' 41 1
2025-04-28 10:43:07,314 - DEBUG - STREAM b'gAMA' 54 4
2025-04-28 10:43:07,314 - DEBUG - STREAM b'pHYs' 70 9
2025-04-28 10:43:07,314 - DEBUG - STREAM b'IDAT' 91 22614
2025-04-28 10:43:07,314 - DEBUG - STREAM b'IHDR' 16 13
2025-04-28 10:43:07,314 - DEBUG - STREAM b'sRGB' 41 1
2025-04-28 10:43:07,314 - DEBUG - STREAM b'gAMA' 54 4
2025-04-28 10:43:07,314 - DEBUG - STREAM b'pHYs' 70 9
2025-04-28 10:43:07,314 - DEBUG - STREAM b'IDAT' 91 2496
2025-04-28 10:43:07,314 - INFO - Selected folder: C:/Users/Ron Michael Comia/Pictures/Screenshots
2025-04-28 10:43:07,431 - DEBUG - Loaded images, row_frames count: 10, images displayed: 10
2025-04-28 10:43:08,030 - DEBUG - Updating highlights, selected_image: 1.png, row_frames count: 10
2025-04-28 10:43:08,036 - DEBUG - Set color for 1.png: ('#FFFF99', '#666633') (selected: 1.png)
2025-04-28 10:43:08,043 - DEBUG - Set color for 1111(2).png: ('#B8E2B8', '#2E6B44') (selected: 1.png)
2025-04-28 10:43:08,050 - DEBUG - Set color for 1111.png: ('#B8E2B8', '#2E6B44') (selected: 1.png)
2025-04-28 10:43:08,056 - DEBUG - Set color for 1112(1).png: ('#B8E2B8', '#2E6B44') (selected: 1.png)
2025-04-28 10:43:08,063 - DEBUG - Set color for 1112(2).png: ('#B8E2B8', '#2E6B44') (selected: 1.png)
2025-04-28 10:43:08,070 - DEBUG - Set color for 1112.png: ('#B8E2B8', '#2E6B44') (selected: 1.png)
2025-04-28 10:43:08,076 - DEBUG - Set color for 1113(1).png: ('#B8E2B8', '#2E6B44') (selected: 1.png)
2025-04-28 10:43:08,083 - DEBUG - Set color for 1113(2).png: ('#B8E2B8', '#2E6B44') (selected: 1.png)
2025-04-28 10:43:08,089 - DEBUG - Set color for 1113.png: ('#B8E2B8', '#2E6B44') (selected: 1.png)
2025-04-28 10:43:08,096 - DEBUG - Set color for 33(1).png: ('#B8E2B8', '#2E6B44') (selected: 1.png)
2025-04-28 10:43:08,144 - DEBUG - STREAM b'IHDR' 16 13
2025-04-28 10:43:08,144 - DEBUG - STREAM b'sRGB' 41 1
2025-04-28 10:43:08,144 - DEBUG - STREAM b'gAMA' 54 4
2025-04-28 10:43:08,144 - DEBUG - STREAM b'pHYs' 70 9
2025-04-28 10:43:08,144 - DEBUG - STREAM b'IDAT' 91 65445
2025-04-28 10:43:08,389 - DEBUG - STREAM b'IHDR' 16 13
2025-04-28 10:43:08,390 - DEBUG - STREAM b'sRGB' 41 1
2025-04-28 10:43:08,390 - DEBUG - STREAM b'gAMA' 54 4
2025-04-28 10:43:08,390 - DEBUG - STREAM b'pHYs' 70 9
2025-04-28 10:43:08,390 - DEBUG - STREAM b'IDAT' 91 65445
2025-04-28 10:43:10,671 - DEBUG - Updating highlights, selected_image: 1.png, row_frames count: 10
2025-04-28 10:43:10,677 - DEBUG - Set color for 1.png: ('#FFFF99', '#666633') (selected: 1.png)
2025-04-28 10:43:10,684 - DEBUG - Set color for 1111(2).png: ('#B8E2B8', '#2E6B44') (selected: 1.png)
2025-04-28 10:43:10,690 - DEBUG - Set color for 1111.png: ('#B8E2B8', '#2E6B44') (selected: 1.png)
2025-04-28 10:43:10,697 - DEBUG - Set color for 1112(1).png: ('#B8E2B8', '#2E6B44') (selected: 1.png)
2025-04-28 10:43:10,703 - DEBUG - Set color for 1112(2).png: ('#B8E2B8', '#2E6B44') (selected: 1.png)
2025-04-28 10:43:10,710 - DEBUG - Set color for 1112.png: ('#B8E2B8', '#2E6B44') (selected: 1.png)
2025-04-28 10:43:10,716 - DEBUG - Set color for 1113(1).png: ('#B8E2B8', '#2E6B44') (selected: 1.png)
2025-04-28 10:43:10,722 - DEBUG - Set color for 1113(2).png: ('#B8E2B8', '#2E6B44') (selected: 1.png)
2025-04-28 10:43:10,729 - DEBUG - Set color for 1113.png: ('#B8E2B8', '#2E6B44') (selected: 1.png)
2025-04-28 10:43:10,735 - DEBUG - Set color for 33(1).png: ('#B8E2B8', '#2E6B44') (selected: 1.png)
2025-04-28 10:43:10,782 - DEBUG - STREAM b'IHDR' 16 13
2025-04-28 10:43:10,782 - DEBUG - STREAM b'sRGB' 41 1
2025-04-28 10:43:10,782 - DEBUG - STREAM b'gAMA' 54 4
2025-04-28 10:43:10,782 - DEBUG - STREAM b'pHYs' 70 9
2025-04-28 10:43:10,782 - DEBUG - STREAM b'IDAT' 91 65445
2025-04-28 10:43:11,035 - DEBUG - STREAM b'IHDR' 16 13
2025-04-28 10:43:11,036 - DEBUG - STREAM b'sRGB' 41 1
2025-04-28 10:43:11,036 - DEBUG - STREAM b'gAMA' 54 4
2025-04-28 10:43:11,036 - DEBUG - STREAM b'pHYs' 70 9
2025-04-28 10:43:11,036 - DEBUG - STREAM b'IDAT' 91 65445
2025-04-28 10:43:12,253 - INFO - Saved rename for 1.png: 
2025-04-28 10:43:12,254 - DEBUG - STREAM b'IHDR' 16 13
2025-04-28 10:43:12,254 - DEBUG - STREAM b'IDAT' 41 10777
2025-04-28 10:43:12,258 - DEBUG - Updating highlights, selected_image: 1111(2).png, row_frames count: 10
2025-04-28 10:43:12,265 - DEBUG - Set color for 1.png: ('#B8E2B8', '#2E6B44') (selected: 1111(2).png)
2025-04-28 10:43:12,271 - DEBUG - Set color for 1111(2).png: ('#FFFF99', '#666633') (selected: 1111(2).png)
2025-04-28 10:43:12,278 - DEBUG - Set color for 1111.png: ('#B8E2B8', '#2E6B44') (selected: 1111(2).png)
2025-04-28 10:43:12,285 - DEBUG - Set color for 1112(1).png: ('#B8E2B8', '#2E6B44') (selected: 1111(2).png)
2025-04-28 10:43:12,291 - DEBUG - Set color for 1112(2).png: ('#B8E2B8', '#2E6B44') (selected: 1111(2).png)
2025-04-28 10:43:12,298 - DEBUG - Set color for 1112.png: ('#B8E2B8', '#2E6B44') (selected: 1111(2).png)
2025-04-28 10:43:12,305 - DEBUG - Set color for 1113(1).png: ('#B8E2B8', '#2E6B44') (selected: 1111(2).png)
2025-04-28 10:43:12,312 - DEBUG - Set color for 1113(2).png: ('#B8E2B8', '#2E6B44') (selected: 1111(2).png)
2025-04-28 10:43:12,319 - DEBUG - Set color for 1113.png: ('#B8E2B8', '#2E6B44') (selected: 1111(2).png)
2025-04-28 10:43:12,325 - DEBUG - Set color for 33(1).png: ('#B8E2B8', '#2E6B44') (selected: 1111(2).png)
2025-04-28 10:43:12,526 - INFO - Saved rename for 1111(2).png: 
2025-04-28 10:43:12,527 - DEBUG - STREAM b'IHDR' 16 13
2025-04-28 10:43:12,527 - DEBUG - STREAM b'IDAT' 41 65536
2025-04-28 10:43:12,532 - DEBUG - Updating highlights, selected_image: 1111.png, row_frames count: 10
2025-04-28 10:43:12,538 - DEBUG - Set color for 1.png: ('#B8E2B8', '#2E6B44') (selected: 1111.png)
2025-04-28 10:43:12,545 - DEBUG - Set color for 1111(2).png: ('#B8E2B8', '#2E6B44') (selected: 1111.png)
2025-04-28 10:43:12,551 - DEBUG - Set color for 1111.png: ('#FFFF99', '#666633') (selected: 1111.png)
2025-04-28 10:43:12,557 - DEBUG - Set color for 1112(1).png: ('#B8E2B8', '#2E6B44') (selected: 1111.png)
2025-04-28 10:43:12,564 - DEBUG - Set color for 1112(2).png: ('#B8E2B8', '#2E6B44') (selected: 1111.png)
2025-04-28 10:43:12,571 - DEBUG - Set color for 1112.png: ('#B8E2B8', '#2E6B44') (selected: 1111.png)
2025-04-28 10:43:12,577 - DEBUG - Set color for 1113(1).png: ('#B8E2B8', '#2E6B44') (selected: 1111.png)
2025-04-28 10:43:12,583 - DEBUG - Set color for 1113(2).png: ('#B8E2B8', '#2E6B44') (selected: 1111.png)
2025-04-28 10:43:12,590 - DEBUG - Set color for 1113.png: ('#B8E2B8', '#2E6B44') (selected: 1111.png)
2025-04-28 10:43:12,596 - DEBUG - Set color for 33(1).png: ('#B8E2B8', '#2E6B44') (selected: 1111.png)
2025-04-28 10:43:12,719 - INFO - Saved rename for 1111.png: 
2025-04-28 10:43:12,719 - DEBUG - STREAM b'IHDR' 16 13
2025-04-28 10:43:12,719 - DEBUG - STREAM b'sRGB' 41 1
2025-04-28 10:43:12,719 - DEBUG - STREAM b'gAMA' 54 4
2025-04-28 10:43:12,719 - DEBUG - STREAM b'pHYs' 70 9
2025-04-28 10:43:12,719 - DEBUG - STREAM b'IDAT' 91 1206
2025-04-28 10:43:12,722 - DEBUG - Updating highlights, selected_image: 1112(1).png, row_frames count: 10
2025-04-28 10:43:12,729 - DEBUG - Set color for 1.png: ('#B8E2B8', '#2E6B44') (selected: 1112(1).png)
2025-04-28 10:43:12,736 - DEBUG - Set color for 1111(2).png: ('#B8E2B8', '#2E6B44') (selected: 1112(1).png)
2025-04-28 10:43:12,742 - DEBUG - Set color for 1111.png: ('#B8E2B8', '#2E6B44') (selected: 1112(1).png)
2025-04-28 10:43:12,750 - DEBUG - Set color for 1112(1).png: ('#FFFF99', '#666633') (selected: 1112(1).png)
2025-04-28 10:43:12,756 - DEBUG - Set color for 1112(2).png: ('#B8E2B8', '#2E6B44') (selected: 1112(1).png)
2025-04-28 10:43:12,763 - DEBUG - Set color for 1112.png: ('#B8E2B8', '#2E6B44') (selected: 1112(1).png)
2025-04-28 10:43:12,769 - DEBUG - Set color for 1113(1).png: ('#B8E2B8', '#2E6B44') (selected: 1112(1).png)
2025-04-28 10:43:12,776 - DEBUG - Set color for 1113(2).png: ('#B8E2B8', '#2E6B44') (selected: 1112(1).png)
2025-04-28 10:43:12,783 - DEBUG - Set color for 1113.png: ('#B8E2B8', '#2E6B44') (selected: 1112(1).png)
2025-04-28 10:43:12,789 - DEBUG - Set color for 33(1).png: ('#B8E2B8', '#2E6B44') (selected: 1112(1).png)
2025-04-28 10:43:12,902 - INFO - Saved rename for 1112(1).png: 
2025-04-28 10:43:12,903 - DEBUG - STREAM b'IHDR' 16 13
2025-04-28 10:43:12,903 - DEBUG - STREAM b'IDAT' 41 23096
2025-04-28 10:43:12,907 - DEBUG - Updating highlights, selected_image: 1112(2).png, row_frames count: 10
2025-04-28 10:43:12,913 - DEBUG - Set color for 1.png: ('#B8E2B8', '#2E6B44') (selected: 1112(2).png)
2025-04-28 10:43:12,920 - DEBUG - Set color for 1111(2).png: ('#B8E2B8', '#2E6B44') (selected: 1112(2).png)
2025-04-28 10:43:12,926 - DEBUG - Set color for 1111.png: ('#B8E2B8', '#2E6B44') (selected: 1112(2).png)
2025-04-28 10:43:12,933 - DEBUG - Set color for 1112(1).png: ('#B8E2B8', '#2E6B44') (selected: 1112(2).png)
2025-04-28 10:43:12,939 - DEBUG - Set color for 1112(2).png: ('#FFFF99', '#666633') (selected: 1112(2).png)
2025-04-28 10:43:12,946 - DEBUG - Set color for 1112.png: ('#B8E2B8', '#2E6B44') (selected: 1112(2).png)
2025-04-28 10:43:12,952 - DEBUG - Set color for 1113(1).png: ('#B8E2B8', '#2E6B44') (selected: 1112(2).png)
2025-04-28 10:43:12,959 - DEBUG - Set color for 1113(2).png: ('#B8E2B8', '#2E6B44') (selected: 1112(2).png)
2025-04-28 10:43:12,966 - DEBUG - Set color for 1113.png: ('#B8E2B8', '#2E6B44') (selected: 1112(2).png)
2025-04-28 10:43:12,973 - DEBUG - Set color for 33(1).png: ('#B8E2B8', '#2E6B44') (selected: 1112(2).png)
2025-04-28 10:43:13,094 - INFO - Saved rename for 1112(2).png: 
2025-04-28 10:43:13,094 - DEBUG - STREAM b'IHDR' 16 13
2025-04-28 10:43:13,094 - DEBUG - STREAM b'IDAT' 41 7901
2025-04-28 10:43:13,098 - DEBUG - Updating highlights, selected_image: 1112.png, row_frames count: 10
2025-04-28 10:43:13,104 - DEBUG - Set color for 1.png: ('#B8E2B8', '#2E6B44') (selected: 1112.png)
2025-04-28 10:43:13,111 - DEBUG - Set color for 1111(2).png: ('#B8E2B8', '#2E6B44') (selected: 1112.png)
2025-04-28 10:43:13,117 - DEBUG - Set color for 1111.png: ('#B8E2B8', '#2E6B44') (selected: 1112.png)
2025-04-28 10:43:13,124 - DEBUG - Set color for 1112(1).png: ('#B8E2B8', '#2E6B44') (selected: 1112.png)
2025-04-28 10:43:13,131 - DEBUG - Set color for 1112(2).png: ('#B8E2B8', '#2E6B44') (selected: 1112.png)
2025-04-28 10:43:13,138 - DEBUG - Set color for 1112.png: ('#FFFF99', '#666633') (selected: 1112.png)
2025-04-28 10:43:13,145 - DEBUG - Set color for 1113(1).png: ('#B8E2B8', '#2E6B44') (selected: 1112.png)
2025-04-28 10:43:13,151 - DEBUG - Set color for 1113(2).png: ('#B8E2B8', '#2E6B44') (selected: 1112.png)
2025-04-28 10:43:13,158 - DEBUG - Set color for 1113.png: ('#B8E2B8', '#2E6B44') (selected: 1112.png)
2025-04-28 10:43:13,164 - DEBUG - Set color for 33(1).png: ('#B8E2B8', '#2E6B44') (selected: 1112.png)
2025-04-28 10:43:14,627 - DEBUG - STREAM b'IHDR' 16 13
2025-04-28 10:43:14,628 - DEBUG - STREAM b'IDAT' 41 7901
2025-04-28 10:43:14,686 - INFO - Saved rename for 1112.png: 
2025-04-28 10:43:14,687 - DEBUG - STREAM b'IHDR' 16 13
2025-04-28 10:43:14,687 - DEBUG - STREAM b'sRGB' 41 1
2025-04-28 10:43:14,687 - DEBUG - STREAM b'gAMA' 54 4
2025-04-28 10:43:14,687 - DEBUG - STREAM b'pHYs' 70 9
2025-04-28 10:43:14,687 - DEBUG - STREAM b'IDAT' 91 20911
2025-04-28 10:43:14,704 - DEBUG - Updating highlights, selected_image: 1113(1).png, row_frames count: 10
2025-04-28 10:43:14,711 - DEBUG - Set color for 1.png: ('#B8E2B8', '#2E6B44') (selected: 1113(1).png)
2025-04-28 10:43:14,717 - DEBUG - Set color for 1111(2).png: ('#B8E2B8', '#2E6B44') (selected: 1113(1).png)
2025-04-28 10:43:14,723 - DEBUG - Set color for 1111.png: ('#B8E2B8', '#2E6B44') (selected: 1113(1).png)
2025-04-28 10:43:14,730 - DEBUG - Set color for 1112(1).png: ('#B8E2B8', '#2E6B44') (selected: 1113(1).png)
2025-04-28 10:43:14,737 - DEBUG - Set color for 1112(2).png: ('#B8E2B8', '#2E6B44') (selected: 1113(1).png)
2025-04-28 10:43:14,743 - DEBUG - Set color for 1112.png: ('#B8E2B8', '#2E6B44') (selected: 1113(1).png)
2025-04-28 10:43:14,750 - DEBUG - Set color for 1113(1).png: ('#FFFF99', '#666633') (selected: 1113(1).png)
2025-04-28 10:43:14,756 - DEBUG - Set color for 1113(2).png: ('#B8E2B8', '#2E6B44') (selected: 1113(1).png)
2025-04-28 10:43:14,763 - DEBUG - Set color for 1113.png: ('#B8E2B8', '#2E6B44') (selected: 1113(1).png)
2025-04-28 10:43:14,770 - DEBUG - Set color for 33(1).png: ('#B8E2B8', '#2E6B44') (selected: 1113(1).png)
2025-04-28 10:43:14,894 - INFO - Saved rename for 1113(1).png: 
2025-04-28 10:43:14,894 - DEBUG - STREAM b'IHDR' 16 13
2025-04-28 10:43:14,894 - DEBUG - STREAM b'IDAT' 41 25693
2025-04-28 10:43:14,898 - DEBUG - Updating highlights, selected_image: 1113(2).png, row_frames count: 10
2025-04-28 10:43:14,905 - DEBUG - Set color for 1.png: ('#B8E2B8', '#2E6B44') (selected: 1113(2).png)
2025-04-28 10:43:14,911 - DEBUG - Set color for 1111(2).png: ('#B8E2B8', '#2E6B44') (selected: 1113(2).png)
2025-04-28 10:43:14,918 - DEBUG - Set color for 1111.png: ('#B8E2B8', '#2E6B44') (selected: 1113(2).png)
2025-04-28 10:43:14,925 - DEBUG - Set color for 1112(1).png: ('#B8E2B8', '#2E6B44') (selected: 1113(2).png)
2025-04-28 10:43:14,931 - DEBUG - Set color for 1112(2).png: ('#B8E2B8', '#2E6B44') (selected: 1113(2).png)
2025-04-28 10:43:14,938 - DEBUG - Set color for 1112.png: ('#B8E2B8', '#2E6B44') (selected: 1113(2).png)
2025-04-28 10:43:14,945 - DEBUG - Set color for 1113(1).png: ('#B8E2B8', '#2E6B44') (selected: 1113(2).png)
2025-04-28 10:43:14,951 - DEBUG - Set color for 1113(2).png: ('#FFFF99', '#666633') (selected: 1113(2).png)
2025-04-28 10:43:14,958 - DEBUG - Set color for 1113.png: ('#B8E2B8', '#2E6B44') (selected: 1113(2).png)
2025-04-28 10:43:14,964 - DEBUG - Set color for 33(1).png: ('#B8E2B8', '#2E6B44') (selected: 1113(2).png)
2025-04-28 10:43:15,062 - INFO - Saved rename for 1113(2).png: 
2025-04-28 10:43:15,062 - DEBUG - STREAM b'IHDR' 16 13
2025-04-28 10:43:15,062 - DEBUG - STREAM b'IDAT' 41 34000
2025-04-28 10:43:15,067 - DEBUG - Updating highlights, selected_image: 1113.png, row_frames count: 10
2025-04-28 10:43:15,073 - DEBUG - Set color for 1.png: ('#B8E2B8', '#2E6B44') (selected: 1113.png)
2025-04-28 10:43:15,079 - DEBUG - Set color for 1111(2).png: ('#B8E2B8', '#2E6B44') (selected: 1113.png)
2025-04-28 10:43:15,086 - DEBUG - Set color for 1111.png: ('#B8E2B8', '#2E6B44') (selected: 1113.png)
2025-04-28 10:43:15,092 - DEBUG - Set color for 1112(1).png: ('#B8E2B8', '#2E6B44') (selected: 1113.png)
2025-04-28 10:43:15,099 - DEBUG - Set color for 1112(2).png: ('#B8E2B8', '#2E6B44') (selected: 1113.png)
2025-04-28 10:43:15,105 - DEBUG - Set color for 1112.png: ('#B8E2B8', '#2E6B44') (selected: 1113.png)
2025-04-28 10:43:15,112 - DEBUG - Set color for 1113(1).png: ('#B8E2B8', '#2E6B44') (selected: 1113.png)
2025-04-28 10:43:15,118 - DEBUG - Set color for 1113(2).png: ('#B8E2B8', '#2E6B44') (selected: 1113.png)
2025-04-28 10:43:15,125 - DEBUG - Set color for 1113.png: ('#FFFF99', '#666633') (selected: 1113.png)
2025-04-28 10:43:15,132 - DEBUG - Set color for 33(1).png: ('#B8E2B8', '#2E6B44') (selected: 1113.png)
2025-04-28 10:43:15,230 - INFO - Saved rename for 1113.png: 
2025-04-28 10:43:15,230 - DEBUG - STREAM b'IHDR' 16 13
2025-04-28 10:43:15,230 - DEBUG - STREAM b'IDAT' 41 65536
2025-04-28 10:43:15,234 - DEBUG - Updating highlights, selected_image: 33(1).png, row_frames count: 10
2025-04-28 10:43:15,242 - DEBUG - Set color for 1.png: ('#B8E2B8', '#2E6B44') (selected: 33(1).png)
2025-04-28 10:43:15,248 - DEBUG - Set color for 1111(2).png: ('#B8E2B8', '#2E6B44') (selected: 33(1).png)
2025-04-28 10:43:15,254 - DEBUG - Set color for 1111.png: ('#B8E2B8', '#2E6B44') (selected: 33(1).png)
2025-04-28 10:43:15,261 - DEBUG - Set color for 1112(1).png: ('#B8E2B8', '#2E6B44') (selected: 33(1).png)
2025-04-28 10:43:15,267 - DEBUG - Set color for 1112(2).png: ('#B8E2B8', '#2E6B44') (selected: 33(1).png)
2025-04-28 10:43:15,273 - DEBUG - Set color for 1112.png: ('#B8E2B8', '#2E6B44') (selected: 33(1).png)
2025-04-28 10:43:15,280 - DEBUG - Set color for 1113(1).png: ('#B8E2B8', '#2E6B44') (selected: 33(1).png)
2025-04-28 10:43:15,286 - DEBUG - Set color for 1113(2).png: ('#B8E2B8', '#2E6B44') (selected: 33(1).png)
2025-04-28 10:43:15,293 - DEBUG - Set color for 1113.png: ('#B8E2B8', '#2E6B44') (selected: 33(1).png)
2025-04-28 10:43:15,299 - DEBUG - Set color for 33(1).png: ('#FFFF99', '#666633') (selected: 33(1).png)
2025-04-28 10:43:15,406 - INFO - Saved rename for 33(1).png: 
2025-04-28 10:43:15,407 - DEBUG - STREAM b'IHDR' 16 13
2025-04-28 10:43:15,407 - DEBUG - STREAM b'IDAT' 41 14623
2025-04-28 10:43:15,410 - DEBUG - Updating highlights, selected_image: 33(2).png, row_frames count: 10
2025-04-28 10:43:15,417 - DEBUG - Set color for 1.png: ('#B8E2B8', '#2E6B44') (selected: 33(2).png)
2025-04-28 10:43:15,424 - DEBUG - Set color for 1111(2).png: ('#B8E2B8', '#2E6B44') (selected: 33(2).png)
2025-04-28 10:43:15,430 - DEBUG - Set color for 1111.png: ('#B8E2B8', '#2E6B44') (selected: 33(2).png)
2025-04-28 10:43:15,437 - DEBUG - Set color for 1112(1).png: ('#B8E2B8', '#2E6B44') (selected: 33(2).png)
2025-04-28 10:43:15,443 - DEBUG - Set color for 1112(2).png: ('#B8E2B8', '#2E6B44') (selected: 33(2).png)
2025-04-28 10:43:15,450 - DEBUG - Set color for 1112.png: ('#B8E2B8', '#2E6B44') (selected: 33(2).png)
2025-04-28 10:43:15,456 - DEBUG - Set color for 1113(1).png: ('#B8E2B8', '#2E6B44') (selected: 33(2).png)
2025-04-28 10:43:15,462 - DEBUG - Set color for 1113(2).png: ('#B8E2B8', '#2E6B44') (selected: 33(2).png)
2025-04-28 10:43:15,469 - DEBUG - Set color for 1113.png: ('#B8E2B8', '#2E6B44') (selected: 33(2).png)
2025-04-28 10:43:15,475 - DEBUG - Set color for 33(1).png: ('#B8E2B8', '#2E6B44') (selected: 33(2).png)
2025-04-28 10:43:15,582 - INFO - Saved rename for 33(2).png: 
2025-04-28 10:43:15,582 - DEBUG - STREAM b'IHDR' 16 13
2025-04-28 10:43:15,582 - DEBUG - STREAM b'IDAT' 41 22765
2025-04-28 10:43:15,586 - DEBUG - Updating highlights, selected_image: 33.png, row_frames count: 10
2025-04-28 10:43:15,593 - DEBUG - Set color for 1.png: ('#B8E2B8', '#2E6B44') (selected: 33.png)
2025-04-28 10:43:15,600 - DEBUG - Set color for 1111(2).png: ('#B8E2B8', '#2E6B44') (selected: 33.png)
2025-04-28 10:43:15,607 - DEBUG - Set color for 1111.png: ('#B8E2B8', '#2E6B44') (selected: 33.png)
2025-04-28 10:43:15,613 - DEBUG - Set color for 1112(1).png: ('#B8E2B8', '#2E6B44') (selected: 33.png)
2025-04-28 10:43:15,619 - DEBUG - Set color for 1112(2).png: ('#B8E2B8', '#2E6B44') (selected: 33.png)
2025-04-28 10:43:15,626 - DEBUG - Set color for 1112.png: ('#B8E2B8', '#2E6B44') (selected: 33.png)
2025-04-28 10:43:15,632 - DEBUG - Set color for 1113(1).png: ('#B8E2B8', '#2E6B44') (selected: 33.png)
2025-04-28 10:43:15,639 - DEBUG - Set color for 1113(2).png: ('#B8E2B8', '#2E6B44') (selected: 33.png)
2025-04-28 10:43:15,645 - DEBUG - Set color for 1113.png: ('#B8E2B8', '#2E6B44') (selected: 33.png)
2025-04-28 10:43:15,652 - DEBUG - Set color for 33(1).png: ('#B8E2B8', '#2E6B44') (selected: 33.png)
2025-04-28 10:43:15,766 - INFO - Saved rename for 33.png: 
2025-04-28 10:43:15,767 - DEBUG - STREAM b'IHDR' 16 13
2025-04-28 10:43:15,767 - DEBUG - STREAM b'IDAT' 41 9090
2025-04-28 10:43:15,770 - DEBUG - Updating highlights, selected_image: Screenshot 2025-04-07 112159.png, row_frames count: 10
2025-04-28 10:43:15,777 - DEBUG - Set color for 1.png: ('#B8E2B8', '#2E6B44') (selected: Screenshot 2025-04-07 112159.png)
2025-04-28 10:43:15,783 - DEBUG - Set color for 1111(2).png: ('#B8E2B8', '#2E6B44') (selected: Screenshot 2025-04-07 112159.png)
2025-04-28 10:43:15,790 - DEBUG - Set color for 1111.png: ('#B8E2B8', '#2E6B44') (selected: Screenshot 2025-04-07 112159.png)
2025-04-28 10:43:15,797 - DEBUG - Set color for 1112(1).png: ('#B8E2B8', '#2E6B44') (selected: Screenshot 2025-04-07 112159.png)
2025-04-28 10:43:15,803 - DEBUG - Set color for 1112(2).png: ('#B8E2B8', '#2E6B44') (selected: Screenshot 2025-04-07 112159.png)
2025-04-28 10:43:15,809 - DEBUG - Set color for 1112.png: ('#B8E2B8', '#2E6B44') (selected: Screenshot 2025-04-07 112159.png)
2025-04-28 10:43:15,816 - DEBUG - Set color for 1113(1).png: ('#B8E2B8', '#2E6B44') (selected: Screenshot 2025-04-07 112159.png)
2025-04-28 10:43:15,823 - DEBUG - Set color for 1113(2).png: ('#B8E2B8', '#2E6B44') (selected: Screenshot 2025-04-07 112159.png)
2025-04-28 10:43:15,829 - DEBUG - Set color for 1113.png: ('#B8E2B8', '#2E6B44') (selected: Screenshot 2025-04-07 112159.png)
2025-04-28 10:43:15,836 - DEBUG - Set color for 33(1).png: ('#B8E2B8', '#2E6B44') (selected: Screenshot 2025-04-07 112159.png)
2025-04-28 10:43:15,950 - INFO - Saved rename for Screenshot 2025-04-07 112159.png: 
2025-04-28 10:43:15,950 - DEBUG - STREAM b'IHDR' 16 13
2025-04-28 10:43:15,950 - DEBUG - STREAM b'sRGB' 41 1
2025-04-28 10:43:15,950 - DEBUG - STREAM b'gAMA' 54 4
2025-04-28 10:43:15,950 - DEBUG - STREAM b'pHYs' 70 9
2025-04-28 10:43:15,950 - DEBUG - STREAM b'IDAT' 91 15047
2025-04-28 10:43:15,968 - DEBUG - Updating highlights, selected_image: Screenshot 2025-04-25 152122.png, row_frames count: 10
2025-04-28 10:43:15,974 - DEBUG - Set color for 1.png: ('#B8E2B8', '#2E6B44') (selected: Screenshot 2025-04-25 152122.png)
2025-04-28 10:43:15,981 - DEBUG - Set color for 1111(2).png: ('#B8E2B8', '#2E6B44') (selected: Screenshot 2025-04-25 152122.png)
2025-04-28 10:43:15,987 - DEBUG - Set color for 1111.png: ('#B8E2B8', '#2E6B44') (selected: Screenshot 2025-04-25 152122.png)
2025-04-28 10:43:15,994 - DEBUG - Set color for 1112(1).png: ('#B8E2B8', '#2E6B44') (selected: Screenshot 2025-04-25 152122.png)
2025-04-28 10:43:16,001 - DEBUG - Set color for 1112(2).png: ('#B8E2B8', '#2E6B44') (selected: Screenshot 2025-04-25 152122.png)
2025-04-28 10:43:16,007 - DEBUG - Set color for 1112.png: ('#B8E2B8', '#2E6B44') (selected: Screenshot 2025-04-25 152122.png)
2025-04-28 10:43:16,014 - DEBUG - Set color for 1113(1).png: ('#B8E2B8', '#2E6B44') (selected: Screenshot 2025-04-25 152122.png)
2025-04-28 10:43:16,020 - DEBUG - Set color for 1113(2).png: ('#B8E2B8', '#2E6B44') (selected: Screenshot 2025-04-25 152122.png)
2025-04-28 10:43:16,026 - DEBUG - Set color for 1113.png: ('#B8E2B8', '#2E6B44') (selected: Screenshot 2025-04-25 152122.png)
2025-04-28 10:43:16,033 - DEBUG - Set color for 33(1).png: ('#B8E2B8', '#2E6B44') (selected: Screenshot 2025-04-25 152122.png)
2025-04-28 10:43:16,158 - INFO - Saved rename for Screenshot 2025-04-25 152122.png: 
2025-04-28 10:43:16,158 - DEBUG - STREAM b'IHDR' 16 13
2025-04-28 10:43:16,158 - DEBUG - STREAM b'sRGB' 41 1
2025-04-28 10:43:16,158 - DEBUG - STREAM b'gAMA' 54 4
2025-04-28 10:43:16,158 - DEBUG - STREAM b'pHYs' 70 9
2025-04-28 10:43:16,158 - DEBUG - STREAM b'IDAT' 91 22614
2025-04-28 10:43:16,176 - DEBUG - Updating highlights, selected_image: Screenshot 2025-04-25 152129.png, row_frames count: 10
2025-04-28 10:43:16,182 - DEBUG - Set color for 1.png: ('#B8E2B8', '#2E6B44') (selected: Screenshot 2025-04-25 152129.png)
2025-04-28 10:43:16,188 - DEBUG - Set color for 1111(2).png: ('#B8E2B8', '#2E6B44') (selected: Screenshot 2025-04-25 152129.png)
2025-04-28 10:43:16,195 - DEBUG - Set color for 1111.png: ('#B8E2B8', '#2E6B44') (selected: Screenshot 2025-04-25 152129.png)
2025-04-28 10:43:16,202 - DEBUG - Set color for 1112(1).png: ('#B8E2B8', '#2E6B44') (selected: Screenshot 2025-04-25 152129.png)
2025-04-28 10:43:16,209 - DEBUG - Set color for 1112(2).png: ('#B8E2B8', '#2E6B44') (selected: Screenshot 2025-04-25 152129.png)
2025-04-28 10:43:16,216 - DEBUG - Set color for 1112.png: ('#B8E2B8', '#2E6B44') (selected: Screenshot 2025-04-25 152129.png)
2025-04-28 10:43:16,223 - DEBUG - Set color for 1113(1).png: ('#B8E2B8', '#2E6B44') (selected: Screenshot 2025-04-25 152129.png)
2025-04-28 10:43:16,230 - DEBUG - Set color for 1113(2).png: ('#B8E2B8', '#2E6B44') (selected: Screenshot 2025-04-25 152129.png)
2025-04-28 10:43:16,236 - DEBUG - Set color for 1113.png: ('#B8E2B8', '#2E6B44') (selected: Screenshot 2025-04-25 152129.png)
2025-04-28 10:43:16,243 - DEBUG - Set color for 33(1).png: ('#B8E2B8', '#2E6B44') (selected: Screenshot 2025-04-25 152129.png)
2025-04-28 10:43:16,342 - INFO - Saved rename for Screenshot 2025-04-25 152129.png: 
2025-04-28 10:43:16,342 - DEBUG - STREAM b'IHDR' 16 13
2025-04-28 10:43:16,342 - DEBUG - STREAM b'sRGB' 41 1
2025-04-28 10:43:16,342 - DEBUG - STREAM b'gAMA' 54 4
2025-04-28 10:43:16,342 - DEBUG - STREAM b'pHYs' 70 9
2025-04-28 10:43:16,342 - DEBUG - STREAM b'IDAT' 91 2496
2025-04-28 10:43:16,346 - DEBUG - Updating highlights, selected_image: Screenshot 2025-04-25 163424.png, row_frames count: 10
2025-04-28 10:43:16,353 - DEBUG - Set color for 1.png: ('#B8E2B8', '#2E6B44') (selected: Screenshot 2025-04-25 163424.png)
2025-04-28 10:43:16,359 - DEBUG - Set color for 1111(2).png: ('#B8E2B8', '#2E6B44') (selected: Screenshot 2025-04-25 163424.png)
2025-04-28 10:43:16,366 - DEBUG - Set color for 1111.png: ('#B8E2B8', '#2E6B44') (selected: Screenshot 2025-04-25 163424.png)
2025-04-28 10:43:16,373 - DEBUG - Set color for 1112(1).png: ('#B8E2B8', '#2E6B44') (selected: Screenshot 2025-04-25 163424.png)
2025-04-28 10:43:16,379 - DEBUG - Set color for 1112(2).png: ('#B8E2B8', '#2E6B44') (selected: Screenshot 2025-04-25 163424.png)
2025-04-28 10:43:16,386 - DEBUG - Set color for 1112.png: ('#B8E2B8', '#2E6B44') (selected: Screenshot 2025-04-25 163424.png)
2025-04-28 10:43:16,392 - DEBUG - Set color for 1113(1).png: ('#B8E2B8', '#2E6B44') (selected: Screenshot 2025-04-25 163424.png)
2025-04-28 10:43:16,399 - DEBUG - Set color for 1113(2).png: ('#B8E2B8', '#2E6B44') (selected: Screenshot 2025-04-25 163424.png)
2025-04-28 10:43:16,406 - DEBUG - Set color for 1113.png: ('#B8E2B8', '#2E6B44') (selected: Screenshot 2025-04-25 163424.png)
2025-04-28 10:43:16,412 - DEBUG - Set color for 33(1).png: ('#B8E2B8', '#2E6B44') (selected: Screenshot 2025-04-25 163424.png)
2025-04-28 10:43:18,729 - DEBUG - Loaded images, row_frames count: 6, images displayed: 6
2025-04-28 10:43:20,007 - DEBUG - Updating highlights, selected_image: Screenshot 2025-04-07 112159.png, row_frames count: 6
2025-04-28 10:43:20,013 - DEBUG - Set color for 33(2).png: ('#B8E2B8', '#2E6B44') (selected: Screenshot 2025-04-07 112159.png)
2025-04-28 10:43:20,020 - DEBUG - Set color for 33.png: ('#B8E2B8', '#2E6B44') (selected: Screenshot 2025-04-07 112159.png)
2025-04-28 10:43:20,026 - DEBUG - Set color for Screenshot 2025-04-07 112159.png: ('#FFFF99', '#666633') (selected: Screenshot 2025-04-07 112159.png)
2025-04-28 10:43:20,032 - DEBUG - Set color for Screenshot 2025-04-25 152122.png: ('#B8E2B8', '#2E6B44') (selected: Screenshot 2025-04-07 112159.png)
2025-04-28 10:43:20,039 - DEBUG - Set color for Screenshot 2025-04-25 152129.png: ('#B8E2B8', '#2E6B44') (selected: Screenshot 2025-04-07 112159.png)
2025-04-28 10:43:20,045 - DEBUG - Set color for Screenshot 2025-04-25 163424.png: ('#B8E2B8', '#2E6B44') (selected: Screenshot 2025-04-07 112159.png)
2025-04-28 10:43:20,081 - DEBUG - STREAM b'IHDR' 16 13
2025-04-28 10:43:20,081 - DEBUG - STREAM b'IDAT' 41 9090
2025-04-28 10:43:20,295 - DEBUG - STREAM b'IHDR' 16 13
2025-04-28 10:43:20,295 - DEBUG - STREAM b'IDAT' 41 9090
2025-04-28 10:43:20,478 - INFO - Saved rename for Screenshot 2025-04-07 112159.png: 
2025-04-28 10:43:20,478 - DEBUG - STREAM b'IHDR' 16 13
2025-04-28 10:43:20,478 - DEBUG - STREAM b'sRGB' 41 1
2025-04-28 10:43:20,478 - DEBUG - STREAM b'gAMA' 54 4
2025-04-28 10:43:20,478 - DEBUG - STREAM b'pHYs' 70 9
2025-04-28 10:43:20,478 - DEBUG - STREAM b'IDAT' 91 15047
2025-04-28 10:43:20,495 - DEBUG - Updating highlights, selected_image: Screenshot 2025-04-25 152122.png, row_frames count: 6
2025-04-28 10:43:20,502 - DEBUG - Set color for 33(2).png: ('#B8E2B8', '#2E6B44') (selected: Screenshot 2025-04-25 152122.png)
2025-04-28 10:43:20,509 - DEBUG - Set color for 33.png: ('#B8E2B8', '#2E6B44') (selected: Screenshot 2025-04-25 152122.png)
2025-04-28 10:43:20,516 - DEBUG - Set color for Screenshot 2025-04-07 112159.png: ('#B8E2B8', '#2E6B44') (selected: Screenshot 2025-04-25 152122.png)
2025-04-28 10:43:20,522 - DEBUG - Set color for Screenshot 2025-04-25 152122.png: ('#FFFF99', '#666633') (selected: Screenshot 2025-04-25 152122.png)
2025-04-28 10:43:20,529 - DEBUG - Set color for Screenshot 2025-04-25 152129.png: ('#B8E2B8', '#2E6B44') (selected: Screenshot 2025-04-25 152122.png)
2025-04-28 10:43:20,536 - DEBUG - Set color for Screenshot 2025-04-25 163424.png: ('#B8E2B8', '#2E6B44') (selected: Screenshot 2025-04-25 152122.png)
2025-04-28 10:43:20,703 - INFO - Saved rename for Screenshot 2025-04-25 152122.png: 
2025-04-28 10:43:20,703 - DEBUG - STREAM b'IHDR' 16 13
2025-04-28 10:43:20,703 - DEBUG - STREAM b'sRGB' 41 1
2025-04-28 10:43:20,703 - DEBUG - STREAM b'gAMA' 54 4
2025-04-28 10:43:20,703 - DEBUG - STREAM b'pHYs' 70 9
2025-04-28 10:43:20,703 - DEBUG - STREAM b'IDAT' 91 22614
2025-04-28 10:43:20,720 - DEBUG - Updating highlights, selected_image: Screenshot 2025-04-25 152129.png, row_frames count: 6
2025-04-28 10:43:20,727 - DEBUG - Set color for 33(2).png: ('#B8E2B8', '#2E6B44') (selected: Screenshot 2025-04-25 152129.png)
2025-04-28 10:43:20,733 - DEBUG - Set color for 33.png: ('#B8E2B8', '#2E6B44') (selected: Screenshot 2025-04-25 152129.png)
2025-04-28 10:43:20,739 - DEBUG - Set color for Screenshot 2025-04-07 112159.png: ('#B8E2B8', '#2E6B44') (selected: Screenshot 2025-04-25 152129.png)
2025-04-28 10:43:20,746 - DEBUG - Set color for Screenshot 2025-04-25 152122.png: ('#B8E2B8', '#2E6B44') (selected: Screenshot 2025-04-25 152129.png)
2025-04-28 10:43:20,753 - DEBUG - Set color for Screenshot 2025-04-25 152129.png: ('#FFFF99', '#666633') (selected: Screenshot 2025-04-25 152129.png)
2025-04-28 10:43:20,759 - DEBUG - Set color for Screenshot 2025-04-25 163424.png: ('#B8E2B8', '#2E6B44') (selected: Screenshot 2025-04-25 152129.png)
2025-04-28 10:43:20,870 - INFO - Saved rename for Screenshot 2025-04-25 152129.png: 
2025-04-28 10:43:20,870 - DEBUG - STREAM b'IHDR' 16 13
2025-04-28 10:43:20,870 - DEBUG - STREAM b'sRGB' 41 1
2025-04-28 10:43:20,870 - DEBUG - STREAM b'gAMA' 54 4
2025-04-28 10:43:20,871 - DEBUG - STREAM b'pHYs' 70 9
2025-04-28 10:43:20,871 - DEBUG - STREAM b'IDAT' 91 2496
2025-04-28 10:43:20,874 - DEBUG - Updating highlights, selected_image: Screenshot 2025-04-25 163424.png, row_frames count: 6
2025-04-28 10:43:20,881 - DEBUG - Set color for 33(2).png: ('#B8E2B8', '#2E6B44') (selected: Screenshot 2025-04-25 163424.png)
2025-04-28 10:43:20,887 - DEBUG - Set color for 33.png: ('#B8E2B8', '#2E6B44') (selected: Screenshot 2025-04-25 163424.png)
2025-04-28 10:43:20,894 - DEBUG - Set color for Screenshot 2025-04-07 112159.png: ('#B8E2B8', '#2E6B44') (selected: Screenshot 2025-04-25 163424.png)
2025-04-28 10:43:20,900 - DEBUG - Set color for Screenshot 2025-04-25 152122.png: ('#B8E2B8', '#2E6B44') (selected: Screenshot 2025-04-25 163424.png)
2025-04-28 10:43:20,907 - DEBUG - Set color for Screenshot 2025-04-25 152129.png: ('#B8E2B8', '#2E6B44') (selected: Screenshot 2025-04-25 163424.png)
2025-04-28 10:43:20,913 - DEBUG - Set color for Screenshot 2025-04-25 163424.png: ('#FFFF99', '#666633') (selected: Screenshot 2025-04-25 163424.png)
2025-04-28 10:43:21,334 - INFO - Saved rename for Screenshot 2025-04-25 163424.png: 
2025-04-28 10:43:21,334 - DEBUG - STREAM b'IHDR' 16 13
2025-04-28 10:43:21,334 - DEBUG - STREAM b'sRGB' 41 1
2025-04-28 10:43:21,334 - DEBUG - STREAM b'gAMA' 54 4
2025-04-28 10:43:21,334 - DEBUG - STREAM b'pHYs' 70 9
2025-04-28 10:43:21,334 - DEBUG - STREAM b'IDAT' 91 22614
2025-04-28 10:43:21,352 - DEBUG - Updating highlights, selected_image: Screenshot 2025-04-25 152129.png, row_frames count: 6
2025-04-28 10:43:21,359 - DEBUG - Set color for 33(2).png: ('#B8E2B8', '#2E6B44') (selected: Screenshot 2025-04-25 152129.png)
2025-04-28 10:43:21,366 - DEBUG - Set color for 33.png: ('#B8E2B8', '#2E6B44') (selected: Screenshot 2025-04-25 152129.png)
2025-04-28 10:43:21,372 - DEBUG - Set color for Screenshot 2025-04-07 112159.png: ('#B8E2B8', '#2E6B44') (selected: Screenshot 2025-04-25 152129.png)
2025-04-28 10:43:21,379 - DEBUG - Set color for Screenshot 2025-04-25 152122.png: ('#B8E2B8', '#2E6B44') (selected: Screenshot 2025-04-25 152129.png)
2025-04-28 10:43:21,385 - DEBUG - Set color for Screenshot 2025-04-25 152129.png: ('#FFFF99', '#666633') (selected: Screenshot 2025-04-25 152129.png)
2025-04-28 10:43:21,392 - DEBUG - Set color for Screenshot 2025-04-25 163424.png: ('#B8E2B8', '#2E6B44') (selected: Screenshot 2025-04-25 152129.png)
2025-04-28 10:43:21,719 - INFO - Saved rename for Screenshot 2025-04-25 152129.png: 
2025-04-28 10:43:21,719 - DEBUG - STREAM b'IHDR' 16 13
2025-04-28 10:43:21,719 - DEBUG - STREAM b'sRGB' 41 1
2025-04-28 10:43:21,719 - DEBUG - STREAM b'gAMA' 54 4
2025-04-28 10:43:21,719 - DEBUG - STREAM b'pHYs' 70 9
2025-04-28 10:43:21,719 - DEBUG - STREAM b'IDAT' 91 15047
2025-04-28 10:43:21,736 - DEBUG - Updating highlights, selected_image: Screenshot 2025-04-25 152122.png, row_frames count: 6
2025-04-28 10:43:21,743 - DEBUG - Set color for 33(2).png: ('#B8E2B8', '#2E6B44') (selected: Screenshot 2025-04-25 152122.png)
2025-04-28 10:43:21,749 - DEBUG - Set color for 33.png: ('#B8E2B8', '#2E6B44') (selected: Screenshot 2025-04-25 152122.png)
2025-04-28 10:43:21,756 - DEBUG - Set color for Screenshot 2025-04-07 112159.png: ('#B8E2B8', '#2E6B44') (selected: Screenshot 2025-04-25 152122.png)
2025-04-28 10:43:21,762 - DEBUG - Set color for Screenshot 2025-04-25 152122.png: ('#FFFF99', '#666633') (selected: Screenshot 2025-04-25 152122.png)
2025-04-28 10:43:21,769 - DEBUG - Set color for Screenshot 2025-04-25 152129.png: ('#B8E2B8', '#2E6B44') (selected: Screenshot 2025-04-25 152122.png)
2025-04-28 10:43:21,775 - DEBUG - Set color for Screenshot 2025-04-25 163424.png: ('#B8E2B8', '#2E6B44') (selected: Screenshot 2025-04-25 152122.png)
2025-04-28 10:43:21,894 - INFO - Saved rename for Screenshot 2025-04-25 152122.png: 
2025-04-28 10:43:21,895 - DEBUG - STREAM b'IHDR' 16 13
2025-04-28 10:43:21,895 - DEBUG - STREAM b'IDAT' 41 9090
2025-04-28 10:43:21,899 - DEBUG - Updating highlights, selected_image: Screenshot 2025-04-07 112159.png, row_frames count: 6
2025-04-28 10:43:21,906 - DEBUG - Set color for 33(2).png: ('#B8E2B8', '#2E6B44') (selected: Screenshot 2025-04-07 112159.png)
2025-04-28 10:43:21,913 - DEBUG - Set color for 33.png: ('#B8E2B8', '#2E6B44') (selected: Screenshot 2025-04-07 112159.png)
2025-04-28 10:43:21,919 - DEBUG - Set color for Screenshot 2025-04-07 112159.png: ('#FFFF99', '#666633') (selected: Screenshot 2025-04-07 112159.png)
2025-04-28 10:43:21,925 - DEBUG - Set color for Screenshot 2025-04-25 152122.png: ('#B8E2B8', '#2E6B44') (selected: Screenshot 2025-04-07 112159.png)
2025-04-28 10:43:21,932 - DEBUG - Set color for Screenshot 2025-04-25 152129.png: ('#B8E2B8', '#2E6B44') (selected: Screenshot 2025-04-07 112159.png)
2025-04-28 10:43:21,939 - DEBUG - Set color for Screenshot 2025-04-25 163424.png: ('#B8E2B8', '#2E6B44') (selected: Screenshot 2025-04-07 112159.png)
2025-04-28 10:43:22,094 - INFO - Saved rename for Screenshot 2025-04-07 112159.png: 
2025-04-28 10:43:22,095 - DEBUG - STREAM b'IHDR' 16 13
2025-04-28 10:43:22,095 - DEBUG - STREAM b'IDAT' 41 22765
2025-04-28 10:43:22,099 - DEBUG - Updating highlights, selected_image: 33.png, row_frames count: 6
2025-04-28 10:43:22,105 - DEBUG - Set color for 33(2).png: ('#B8E2B8', '#2E6B44') (selected: 33.png)
2025-04-28 10:43:22,112 - DEBUG - Set color for 33.png: ('#FFFF99', '#666633') (selected: 33.png)
2025-04-28 10:43:22,118 - DEBUG - Set color for Screenshot 2025-04-07 112159.png: ('#B8E2B8', '#2E6B44') (selected: 33.png)
2025-04-28 10:43:22,124 - DEBUG - Set color for Screenshot 2025-04-25 152122.png: ('#B8E2B8', '#2E6B44') (selected: 33.png)
2025-04-28 10:43:22,131 - DEBUG - Set color for Screenshot 2025-04-25 152129.png: ('#B8E2B8', '#2E6B44') (selected: 33.png)
2025-04-28 10:43:22,137 - DEBUG - Set color for Screenshot 2025-04-25 163424.png: ('#B8E2B8', '#2E6B44') (selected: 33.png)
2025-04-28 10:43:22,599 - INFO - Saved rename for 33.png: 
2025-04-28 10:43:22,599 - DEBUG - STREAM b'IHDR' 16 13
2025-04-28 10:43:22,599 - DEBUG - STREAM b'IDAT' 41 14623
2025-04-28 10:43:22,603 - DEBUG - Updating highlights, selected_image: 33(2).png, row_frames count: 6
2025-04-28 10:43:22,610 - DEBUG - Set color for 33(2).png: ('#FFFF99', '#666633') (selected: 33(2).png)
2025-04-28 10:43:22,616 - DEBUG - Set color for 33.png: ('#B8E2B8', '#2E6B44') (selected: 33(2).png)
2025-04-28 10:43:22,623 - DEBUG - Set color for Screenshot 2025-04-07 112159.png: ('#B8E2B8', '#2E6B44') (selected: 33(2).png)
2025-04-28 10:43:22,629 - DEBUG - Set color for Screenshot 2025-04-25 152122.png: ('#B8E2B8', '#2E6B44') (selected: 33(2).png)
2025-04-28 10:43:22,636 - DEBUG - Set color for Screenshot 2025-04-25 152129.png: ('#B8E2B8', '#2E6B44') (selected: 33(2).png)
2025-04-28 10:43:22,643 - DEBUG - Set color for Screenshot 2025-04-25 163424.png: ('#B8E2B8', '#2E6B44') (selected: 33(2).png)
2025-04-28 10:43:24,159 - INFO - Saved rename for 33(2).png: 
2025-04-28 10:43:24,159 - DEBUG - STREAM b'IHDR' 16 13
2025-04-28 10:43:24,159 - DEBUG - STREAM b'IDAT' 41 22765
2025-04-28 10:43:24,164 - DEBUG - Updating highlights, selected_image: 33.png, row_frames count: 6
2025-04-28 10:43:24,170 - DEBUG - Set color for 33(2).png: ('#B8E2B8', '#2E6B44') (selected: 33.png)
2025-04-28 10:43:24,177 - DEBUG - Set color for 33.png: ('#FFFF99', '#666633') (selected: 33.png)
2025-04-28 10:43:24,183 - DEBUG - Set color for Screenshot 2025-04-07 112159.png: ('#B8E2B8', '#2E6B44') (selected: 33.png)
2025-04-28 10:43:24,190 - DEBUG - Set color for Screenshot 2025-04-25 152122.png: ('#B8E2B8', '#2E6B44') (selected: 33.png)
2025-04-28 10:43:24,196 - DEBUG - Set color for Screenshot 2025-04-25 152129.png: ('#B8E2B8', '#2E6B44') (selected: 33.png)
2025-04-28 10:43:24,202 - DEBUG - Set color for Screenshot 2025-04-25 163424.png: ('#B8E2B8', '#2E6B44') (selected: 33.png)
2025-04-28 10:43:24,203 - DEBUG - STREAM b'IHDR' 16 13
2025-04-28 10:43:24,203 - DEBUG - STREAM b'IDAT' 41 22765
2025-04-28 10:43:24,359 - INFO - Saved rename for 33.png: 
2025-04-28 10:43:24,359 - DEBUG - STREAM b'IHDR' 16 13
2025-04-28 10:43:24,359 - DEBUG - STREAM b'IDAT' 41 9090
2025-04-28 10:43:24,363 - DEBUG - Updating highlights, selected_image: Screenshot 2025-04-07 112159.png, row_frames count: 6
2025-04-28 10:43:24,370 - DEBUG - Set color for 33(2).png: ('#B8E2B8', '#2E6B44') (selected: Screenshot 2025-04-07 112159.png)
2025-04-28 10:43:24,376 - DEBUG - Set color for 33.png: ('#B8E2B8', '#2E6B44') (selected: Screenshot 2025-04-07 112159.png)
2025-04-28 10:43:24,383 - DEBUG - Set color for Screenshot 2025-04-07 112159.png: ('#FFFF99', '#666633') (selected: Screenshot 2025-04-07 112159.png)
2025-04-28 10:43:24,389 - DEBUG - Set color for Screenshot 2025-04-25 152122.png: ('#B8E2B8', '#2E6B44') (selected: Screenshot 2025-04-07 112159.png)
2025-04-28 10:43:24,396 - DEBUG - Set color for Screenshot 2025-04-25 152129.png: ('#B8E2B8', '#2E6B44') (selected: Screenshot 2025-04-07 112159.png)
2025-04-28 10:43:24,402 - DEBUG - Set color for Screenshot 2025-04-25 163424.png: ('#B8E2B8', '#2E6B44') (selected: Screenshot 2025-04-07 112159.png)
2025-04-28 10:43:24,814 - INFO - Saved rename for Screenshot 2025-04-07 112159.png: 
2025-04-28 10:43:24,814 - DEBUG - STREAM b'IHDR' 16 13
2025-04-28 10:43:24,814 - DEBUG - STREAM b'sRGB' 41 1
2025-04-28 10:43:24,814 - DEBUG - STREAM b'gAMA' 54 4
2025-04-28 10:43:24,814 - DEBUG - STREAM b'pHYs' 70 9
2025-04-28 10:43:24,814 - DEBUG - STREAM b'IDAT' 91 15047
2025-04-28 10:43:24,832 - DEBUG - Updating highlights, selected_image: Screenshot 2025-04-25 152122.png, row_frames count: 6
2025-04-28 10:43:24,839 - DEBUG - Set color for 33(2).png: ('#B8E2B8', '#2E6B44') (selected: Screenshot 2025-04-25 152122.png)
2025-04-28 10:43:24,845 - DEBUG - Set color for 33.png: ('#B8E2B8', '#2E6B44') (selected: Screenshot 2025-04-25 152122.png)
2025-04-28 10:43:24,852 - DEBUG - Set color for Screenshot 2025-04-07 112159.png: ('#B8E2B8', '#2E6B44') (selected: Screenshot 2025-04-25 152122.png)
2025-04-28 10:43:24,858 - DEBUG - Set color for Screenshot 2025-04-25 152122.png: ('#FFFF99', '#666633') (selected: Screenshot 2025-04-25 152122.png)
2025-04-28 10:43:24,865 - DEBUG - Set color for Screenshot 2025-04-25 152129.png: ('#B8E2B8', '#2E6B44') (selected: Screenshot 2025-04-25 152122.png)
2025-04-28 10:43:24,871 - DEBUG - Set color for Screenshot 2025-04-25 163424.png: ('#B8E2B8', '#2E6B44') (selected: Screenshot 2025-04-25 152122.png)
2025-04-28 10:43:25,006 - INFO - Saved rename for Screenshot 2025-04-25 152122.png: 
2025-04-28 10:43:25,007 - DEBUG - STREAM b'IHDR' 16 13
2025-04-28 10:43:25,007 - DEBUG - STREAM b'sRGB' 41 1
2025-04-28 10:43:25,007 - DEBUG - STREAM b'gAMA' 54 4
2025-04-28 10:43:25,007 - DEBUG - STREAM b'pHYs' 70 9
2025-04-28 10:43:25,007 - DEBUG - STREAM b'IDAT' 91 22614
2025-04-28 10:43:25,024 - DEBUG - Updating highlights, selected_image: Screenshot 2025-04-25 152129.png, row_frames count: 6
2025-04-28 10:43:25,031 - DEBUG - Set color for 33(2).png: ('#B8E2B8', '#2E6B44') (selected: Screenshot 2025-04-25 152129.png)
2025-04-28 10:43:25,037 - DEBUG - Set color for 33.png: ('#B8E2B8', '#2E6B44') (selected: Screenshot 2025-04-25 152129.png)
2025-04-28 10:43:25,044 - DEBUG - Set color for Screenshot 2025-04-07 112159.png: ('#B8E2B8', '#2E6B44') (selected: Screenshot 2025-04-25 152129.png)
2025-04-28 10:43:25,050 - DEBUG - Set color for Screenshot 2025-04-25 152122.png: ('#B8E2B8', '#2E6B44') (selected: Screenshot 2025-04-25 152129.png)
2025-04-28 10:43:25,057 - DEBUG - Set color for Screenshot 2025-04-25 152129.png: ('#FFFF99', '#666633') (selected: Screenshot 2025-04-25 152129.png)
2025-04-28 10:43:25,064 - DEBUG - Set color for Screenshot 2025-04-25 163424.png: ('#B8E2B8', '#2E6B44') (selected: Screenshot 2025-04-25 152129.png)
2025-04-28 10:43:25,198 - INFO - Saved rename for Screenshot 2025-04-25 152129.png: 
2025-04-28 10:43:25,198 - DEBUG - STREAM b'IHDR' 16 13
2025-04-28 10:43:25,198 - DEBUG - STREAM b'sRGB' 41 1
2025-04-28 10:43:25,199 - DEBUG - STREAM b'gAMA' 54 4
2025-04-28 10:43:25,199 - DEBUG - STREAM b'pHYs' 70 9
2025-04-28 10:43:25,199 - DEBUG - STREAM b'IDAT' 91 2496
2025-04-28 10:43:25,202 - DEBUG - Updating highlights, selected_image: Screenshot 2025-04-25 163424.png, row_frames count: 6
2025-04-28 10:43:25,209 - DEBUG - Set color for 33(2).png: ('#B8E2B8', '#2E6B44') (selected: Screenshot 2025-04-25 163424.png)
2025-04-28 10:43:25,215 - DEBUG - Set color for 33.png: ('#B8E2B8', '#2E6B44') (selected: Screenshot 2025-04-25 163424.png)
2025-04-28 10:43:25,222 - DEBUG - Set color for Screenshot 2025-04-07 112159.png: ('#B8E2B8', '#2E6B44') (selected: Screenshot 2025-04-25 163424.png)
2025-04-28 10:43:25,228 - DEBUG - Set color for Screenshot 2025-04-25 152122.png: ('#B8E2B8', '#2E6B44') (selected: Screenshot 2025-04-25 163424.png)
2025-04-28 10:43:25,235 - DEBUG - Set color for Screenshot 2025-04-25 152129.png: ('#B8E2B8', '#2E6B44') (selected: Screenshot 2025-04-25 163424.png)
2025-04-28 10:43:25,242 - DEBUG - Set color for Screenshot 2025-04-25 163424.png: ('#FFFF99', '#666633') (selected: Screenshot 2025-04-25 163424.png)
